#
# A fatal error has been detected by the Java Runtime Environment:
#
#  Internal Error (jvmciRuntime.cpp:1609), pid=52, tid=66
#  fatal error: Fatal exception in JVMCI: Error calling jdk.vm.ci.services.Services.serializeSavedProperties
#
# JRE version: OpenJDK Runtime Environment GraalVM CE 22.3.0 (17.0.5+8) (build 17.0.5+8-jvmci-22.3-b08)
# Java VM: OpenJDK 64-Bit Server VM GraalVM CE 22.3.0 (17.0.5+8-jvmci-22.3-b08, mixed mode, sharing, tiered, jvmci, jvmci compiler, compressed oops, compressed class ptrs, parallel gc, linux-amd64)
# Problematic frame:
# V  [libjvm.so+0x972714]  JVMCIRuntime::fatal_exception(JVMCIEnv*, char const*)+0x74
#
# Core dump will be written. Default location: Core dumps may be processed with "/usr/share/apport/apport -p%p -s%s -c%c -d%d -P%P -u%u -g%g -- %E" (or dumping to /home/runner/MustHaveJAVA/core.52)
#
# If you would like to submit a bug report, please visit:
#   https://github.com/oracle/graal/issues
#

---------------  S U M M A R Y ------------

Command Line: -XX:ThreadPriorityPolicy=1 -XX:+UnlockExperimentalVMOptions -XX:+EnableJVMCIProduct -XX:JVMCIThreadsPerNativeLibraryRuntime=1 -XX:-UnlockExperimentalVMOptions -Declipse.application=org.eclipse.jdt.ls.core.id1 -Dosgi.bundles.defaultStartLevel=4 -Declipse.product=org.eclipse.jdt.ls.core.product -Dlog.level=ALL -Xverify:none -XX:+UseParallelGC -XX:GCTimeRatio=4 -XX:AdaptiveSizePolicyWeight=90 -Dsun.zip.disableMemoryMapping=true -Xmx512m -Xms100m /nix/store/m6gcpi1ii6rghy04cjwjddcavv7i90df-jdt-language-server-1.9.0/share/java/plugins/org.eclipse.equinox.launcher_1.6.400.v20210924-0641.jar --add-modules=ALL-SYSTEM --add-opens java.base/java.util=ALL-UNNAMED --add-opens java.base/java.lang=ALL-UNNAMED -configuration /home/runner/.cache/jdt-language-server/config -data /home/runner/.cache/jdt-language-server/data/home/runner/MustHaveJAVA

Host: AMD EPYC 7B12, 8 cores, 1G, Ubuntu 20.04.2 LTS
Time: Thu Jun  1 09:25:27 2023 UTC elapsed time: 754.729392 seconds (0d 0h 12m 34s)

---------------  T H R E A D  ---------------

Current thread (0x00007f23980b2210):  JavaThread "JVMCI-native CompilerThread0" daemon [_thread_in_vm, id=66, stack(0x00007f237e800000,0x00007f237ea00000)]


Current CompileTask:
JVMCI-native: 754729 10704       4       java.lang.Thread::interrupted (23 bytes)

Stack: [0x00007f237e800000,0x00007f237ea00000],  sp=0x00007f237e9fe380,  free space=2040k
Native frames: (J=compiled Java code, j=interpreted, Vv=VM code, C=native code)
V  [libjvm.so+0x972714]  JVMCIRuntime::fatal_exception(JVMCIEnv*, char const*)+0x74
V  [libjvm.so+0x93e2fe]  JVMCIEnv::copy_saved_properties()+0x14e
V  [libjvm.so+0x9732a9]  JVMCIRuntime::initialize(JVMCIEnv*)+0xb19
V  [libjvm.so+0x9738a2]  JVMCIRuntime::get_HotSpotJVMCIRuntime(JVMCIEnv*)+0x12
V  [libjvm.so+0x9749f2]  JVMCIRuntime::compile_method(JVMCIEnv*, JVMCICompiler*, methodHandle const&, int)+0xd2
V  [libjvm.so+0x5b0d20]  CompileBroker::invoke_compiler_on_method(CompileTask*)+0x1470
V  [libjvm.so+0x5b12e8]  CompileBroker::compiler_thread_loop()+0x528
V  [libjvm.so+0xd82460]  JavaThread::thread_main_inner()+0xd0
V  [libjvm.so+0xd85a40]  Thread::call_run()+0xc0
V  [libjvm.so+0xbdb1e1]  thread_native_entry(Thread*)+0xe1

Register to memory mapping:

RAX=0x00007f239e4c3000 points into unknown readable memory: 0x0000000000000058 | 58 00 00 00 00 00 00 00
RBX=0x00007f239f5be398: <offset 0x0000000000ef5398> in /nix/store/gpxl5qgg8kicmcvivwmybwjlpf7wh20l-graalvm17-ce-22.3.0/lib/server/libjvm.so at 0x00007f239e6c9000
RCX=0x00007f239f5761e8: <offset 0x0000000000ead1e8> in /nix/store/gpxl5qgg8kicmcvivwmybwjlpf7wh20l-graalvm17-ce-22.3.0/lib/server/libjvm.so at 0x00007f239e6c9000
RDX=0x0000000000000649 is an unknown value
RSP=0x00007f237e9fe380 is pointing into the stack for thread: 0x00007f23980b2210
RBP=0x00007f237e9fe3a0 is pointing into the stack for thread: 0x00007f23980b2210
RSI=0x00007f239f5bec48: <offset 0x0000000000ef5c48> in /nix/store/gpxl5qgg8kicmcvivwmybwjlpf7wh20l-graalvm17-ce-22.3.0/lib/server/libjvm.so at 0x00007f239e6c9000
RDI=0x00000000e0000000 is an oop: [B 
{0x00000000e0000000} - klass: {type array byte}
 - length: 49
R8 =0x00007f239f5be398: <offset 0x0000000000ef5398> in /nix/store/gpxl5qgg8kicmcvivwmybwjlpf7wh20l-graalvm17-ce-22.3.0/lib/server/libjvm.so at 0x00007f239e6c9000
R9 =0x00007f237e9fe330 is pointing into the stack for thread: 0x00007f23980b2210
R10=0x00007f237e9ff948 is pointing into the stack for thread: 0x00007f23980b2210
R11=0x0000000000000293 is an unknown value
R12=0x0 is NULL
R13=0x00007f23980b2210 is a thread
R14=0x00007f2398000b80 points into unknown readable memory: 0x00007f239f7efa38 | 38 fa 7e 9f 23 7f 00 00
R15=0x00007f239f8fde40: <offset 0x0000000001234e40> in /nix/store/gpxl5qgg8kicmcvivwmybwjlpf7wh20l-graalvm17-ce-22.3.0/lib/server/libjvm.so at 0x00007f239e6c9000


Registers:
RAX=0x00007f239e4c3000, RBX=0x00007f239f5be398, RCX=0x00007f239f5761e8, RDX=0x0000000000000649
RSP=0x00007f237e9fe380, RBP=0x00007f237e9fe3a0, RSI=0x00007f239f5bec48, RDI=0x00000000e0000000
R8 =0x00007f239f5be398, R9 =0x00007f237e9fe330, R10=0x00007f237e9ff948, R11=0x0000000000000293
R12=0x0000000000000000, R13=0x00007f23980b2210, R14=0x00007f2398000b80, R15=0x00007f239f8fde40
RIP=0x00007f239f03b714, EFLAGS=0x0000000000010206, CSGSFS=0x002b000000000033, ERR=0x0000000000000006
  TRAPNO=0x000000000000000e

Top of Stack: (sp=0x00007f237e9fe380)
0x00007f237e9fe380:   00007f237e9fe940 00007f23980b2210
0x00007f237e9fe390:   00007f239ce548c8 0000000800c417a0
0x00007f237e9fe3a0:   00007f237e9fe500 00007f239f0072fe
0x00007f237e9fe3b0:   00007f237e9fe3e0 00007f237e9fe440 

Instructions: (pc=0x00007f239f03b714)
0x00007f239f03b614:   30 e8 f6 cf e8 ff 4c 89 e7 e8 2e 48 d1 ff 84 db
0x00007f239f03b624:   75 2a 4d 85 ed 74 04 4d 8b 6d 00 48 83 c4 08 44
0x00007f239f03b634:   89 f9 4c 89 f2 4c 89 ee 5b 4c 89 e7 41 5c 41 5d
0x00007f239f03b644:   41 5e 41 5f 5d e9 e2 47 d1 ff 66 90 48 83 c4 08
0x00007f239f03b654:   5b 41 5c 41 5d 41 5e 41 5f 5d c3 90 31 d2 be 08
0x00007f239f03b664:   00 00 00 4c 89 ff e8 b1 78 a3 ff 49 89 c5 e9 37
0x00007f239f03b674:   ff ff ff 66 0f 1f 84 00 00 00 00 00 48 8b 7a 08
0x00007f239f03b684:   e9 6d ff ff ff 0f 1f 80 00 00 00 00 e8 5b 48 0a
0x00007f239f03b694:   00 84 c0 75 89 e9 6a ff ff ff 66 90 55 48 89 e5
0x00007f239f03b6a4:   41 56 41 55 41 54 49 89 fc 53 48 89 f3 66 48 8d
0x00007f239f03b6b4:   3d 27 5e 85 00 66 66 48 e8 df 43 8d ff 4c 8b 28
0x00007f239f03b6c4:   8b 05 be 72 8a 00 85 c0 75 14 ba 01 00 00 00 48
0x00007f239f03b6d4:   8d 0d ae 72 8a 00 f0 0f b1 11 85 c0 74 4e be c8
0x00007f239f03b6e4:   00 00 00 4c 89 ef e8 01 0b 41 00 48 8d 05 12 ac
0x00007f239f03b6f4:   85 00 49 89 d8 48 8d 0d e8 aa 53 00 ba 49 06 00
0x00007f239f03b704:   00 48 8d 35 3c 35 58 00 bf 00 00 00 e0 48 8b 00
0x00007f239f03b714:   c6 00 58 31 c0 e8 e2 91 c6 ff 5b 41 5c 41 5d 41
0x00007f239f03b724:   5e 5d e9 55 34 26 00 0f 1f 44 00 00 48 8d 05 81
0x00007f239f03b734:   a3 8b 00 48 89 df 4c 8b 30 e8 9e 43 8d ff 48 89
0x00007f239f03b744:   de 48 89 c2 49 8b 06 4c 89 f7 ff 50 08 4c 89 f7
0x00007f239f03b754:   e8 a7 5c 27 00 4d 85 e4 74 12 be 01 00 00 00 4c
0x00007f239f03b764:   89 e7 e8 35 43 fc ff eb 82 0f 1f 00 be 01 00 00
0x00007f239f03b774:   00 4c 89 ef e8 d3 fd ff ff e9 6d ff ff ff 66 66
0x00007f239f03b784:   2e 0f 1f 84 00 00 00 00 00 0f 1f 00 55 48 89 e5
0x00007f239f03b794:   41 57 41 56 41 55 41 54 53 48 81 ec 08 02 00 00
0x00007f239f03b7a4:   64 48 8b 04 25 28 00 00 00 48 89 45 c8 8b 07 83
0x00007f239f03b7b4:   f8 02 0f 84 11 04 00 00 4c 8b 6f 18 49 89 ff 49
0x00007f239f03b7c4:   89 f4 4d 85 ed 74 14 4c 89 ef e8 5d 57 22 00 41
0x00007f239f03b7d4:   8b 07 83 f8 02 0f 84 19 04 00 00 48 8d 1d 9a 06
0x00007f239f03b7e4:   8a 00 4c 8d 35 0b 3c 58 00 eb 38 90 48 85 d2 7f
0x00007f239f03b7f4:   0d 48 8d 05 b4 c0 85 00 48 83 38 00 7e 0e 41 8b
0x00007f239f03b804:   77 2c 4c 89 f7 31 c0 e8 a0 b2 f7 ff 49 8b 7f 18 


Stack slot to memory mapping:
stack at sp + 0 slots: 0x00007f237e9fe940 is pointing into the stack for thread: 0x00007f23980b2210
stack at sp + 1 slots: 0x00007f23980b2210 is a thread
stack at sp + 2 slots: 0x00007f239ce548c8 points into unknown readable memory: 0x6573001880c9ffff | ff ff c9 80 18 00 73 65
stack at sp + 3 slots: 0x0000000800c417a0 is a pointer to class: 
jdk.vm.ci.services.Services {0x0000000800c417a0}
 - instance size:     2
 - klass size:        65
 - access:            public final synchronized 
 - state:             fully_initialized
 - name:              'jdk/vm/ci/services/Services'
 - super:             'java/lang/Object'
 - sub:               
 - arrays:            NULL
 - methods:           Array<T>(0x00007f237ec43b18)
 - method ordering:   Array<T>(0x0000000800928960)
 - default_methods:   Array<T>(0x0000000000000000)
 - local interfaces:  Array<T>(0x00000008005ce810)
 - trans. interfaces: Array<T>(0x00000008005ce810)
 - constants:         constant pool [427] {0x00007f237ec42bf8} for 'jdk/vm/ci/services/Services' cache=0x00007f237ec44de8
 - class loader data:  loader data: 0x00007f23980283f0 of 'bootstrap'
 - source file:       'Services.java'
 - class annotations:       Array<T>(0x0000000000000000)
 - class type annotations:  Array<T>(0x0000000000000000)
 - field annotations:       Array<T>(0x0000000000000000)
 - field type annotations:  Array<T>(0x0000000000000000)
 - inner classes:     Array<T>(0x00007f237ec44db8)
 - nest members:     Array<T>(0x00007f237ec44dd8)
 - permitted subclasses:     Array<T>(0x00000008005ce7a0)
 - java mirror:       a 'java/lang/Class'{0x00000000e01795a0} = 'jdk/vm/ci/services/Services'
 - vtable length      5  (start addr: 0x0000000800c41970)
 - itable length      2 (start addr: 0x0000000800c41998)
 - ---- static fields (3 words):
 - public static final 'IS_BUILDING_NATIVE_IMAGE' 'Z' @128 
 - public static final 'IS_IN_NATIVE_IMAGE' 'Z' @129 
 - private static volatile 'savedProperties' 'Ljava/util/Map;' @112 
 - static final 'JVMCI_ENABLED' 'Z' @130 
 - private static final 'servicesCache' 'Ljava/util/Map;' @116 
 - private static final 'MAX_UNICODE_IN_UTF8_LENGTH' 'I' @120 
 - private static final 'MAX_UTF8_PROPERTY_STRING_LENGTH' 'I' @124 
 - ---- non-static fields (0 words):
 - non-static oop maps: 
stack at sp + 4 slots: 0x00007f237e9fe500 is pointing into the stack for thread: 0x00007f23980b2210
stack at sp + 5 slots: 0x00007f239f0072fe: <offset 0x000000000093e2fe> in /nix/store/gpxl5qgg8kicmcvivwmybwjlpf7wh20l-graalvm17-ce-22.3.0/lib/server/libjvm.so at 0x00007f239e6c9000
stack at sp + 6 slots: 0x00007f237e9fe3e0 is pointing into the stack for thread: 0x00007f23980b2210
stack at sp + 7 slots: 0x00007f237e9fe440 is pointing into the stack for thread: 0x00007f23980b2210


---------------  P R O C E S S  ---------------

Threads class SMR info:
_java_thread_list=0x00007f23100019e0, length=28, elements={
0x00007f2398026690, 0x00007f23980a64d0, 0x00007f23980a7910, 0x00007f23980ae080,
0x00007f23980af430, 0x00007f23980b0820, 0x00007f23980b2210, 0x00007f23980b3720,
0x00007f23980b4b70, 0x00007f23980d8610, 0x00007f239811fdc0, 0x00007f239830b820,
0x00007f239833f600, 0x00007f2398341250, 0x00007f2398325910, 0x00007f232c01a6b0,
0x00007f232c2a35e0, 0x00007f23200010d0, 0x00007f232c481d60, 0x00007f232c6000b0,
0x00007f23984178f0, 0x00007f2314001220, 0x00007f23983b6410, 0x00007f23281455e0,
0x00007f232815bd50, 0x00007f23140637e0, 0x00007f232815c9a0, 0x00007f2310000ff0
}

Java Threads: ( => current thread )
  0x00007f2398026690 JavaThread "main" [_thread_blocked, id=58, stack(0x00007f239e4e4000,0x00007f239e5e4000)]
  0x00007f23980a64d0 JavaThread "Reference Handler" daemon [_thread_blocked, id=61, stack(0x00007f239c4fb000,0x00007f239c5fb000)]
  0x00007f23980a7910 JavaThread "Finalizer" daemon [_thread_blocked, id=62, stack(0x00007f239c3fb000,0x00007f239c4fb000)]
  0x00007f23980ae080 JavaThread "Signal Dispatcher" daemon [_thread_blocked, id=63, stack(0x00007f239c015000,0x00007f239c115000)]
  0x00007f23980af430 JavaThread "Service Thread" daemon [_thread_blocked, id=64, stack(0x00007f237eb00000,0x00007f237ec00000)]
  0x00007f23980b0820 JavaThread "Monitor Deflation Thread" daemon [_thread_blocked, id=65, stack(0x00007f237ea00000,0x00007f237eb00000)]
=>0x00007f23980b2210 JavaThread "JVMCI-native CompilerThread0" daemon [_thread_in_vm, id=66, stack(0x00007f237e800000,0x00007f237ea00000)]
  0x00007f23980b3720 JavaThread "C1 CompilerThread0" daemon [_thread_blocked, id=67, stack(0x00007f237e600000,0x00007f237e800000)]
  0x00007f23980b4b70 JavaThread "Sweeper thread" daemon [_thread_blocked, id=68, stack(0x00007f237e500000,0x00007f237e600000)]
  0x00007f23980d8610 JavaThread "Common-Cleaner" daemon [_thread_blocked, id=70, stack(0x00007f237e400000,0x00007f237e500000)]
  0x00007f239811fdc0 JavaThread "Notification Thread" daemon [_thread_blocked, id=73, stack(0x00007f237e300000,0x00007f237e400000)]
  0x00007f239830b820 JavaThread "Active Thread: Equinox Container: fb7d1ed4-cbfe-48f3-98d9-82936315f9b2" [_thread_blocked, id=114, stack(0x00007f237cf00000,0x00007f237d000000)]
  0x00007f239833f600 JavaThread "Framework Event Dispatcher: Equinox Container: fb7d1ed4-cbfe-48f3-98d9-82936315f9b2" daemon [_thread_blocked, id=115, stack(0x00007f237cd00000,0x00007f237ce00000)]
  0x00007f2398341250 JavaThread "Start Level: Equinox Container: fb7d1ed4-cbfe-48f3-98d9-82936315f9b2" daemon [_thread_blocked, id=116, stack(0x00007f237cb00000,0x00007f237cc00000)]
  0x00007f2398325910 JavaThread "Refresh Thread: Equinox Container: fb7d1ed4-cbfe-48f3-98d9-82936315f9b2" daemon [_thread_blocked, id=125, stack(0x00007f237c900000,0x00007f237ca00000)]
  0x00007f232c01a6b0 JavaThread "SCR Component Actor" daemon [_thread_blocked, id=126, stack(0x00007f237c700000,0x00007f237c800000)]
  0x00007f232c2a35e0 JavaThread "Worker-JM" [_thread_blocked, id=136, stack(0x00007f237c300000,0x00007f237c400000)]
  0x00007f23200010d0 JavaThread "Worker-1: Publish Diagnostics" [_thread_blocked, id=138, stack(0x00007f2345b00000,0x00007f2345c00000)]
  0x00007f232c481d60 JavaThread "Java indexing" daemon [_thread_blocked, id=147, stack(0x00007f2345900000,0x00007f2345a00000)]
  0x00007f232c6000b0 JavaThread "Bundle File Closer" daemon [_thread_blocked, id=148, stack(0x00007f2345700000,0x00007f2345800000)]
  0x00007f23984178f0 JavaThread "pool-3-thread-1" [_thread_blocked, id=157, stack(0x00007f2345500000,0x00007f2345600000)]
  0x00007f2314001220 JavaThread "Worker-2: Compacting resource model" [_thread_blocked, id=158, stack(0x00007f2345300000,0x00007f2345400000)]
  0x00007f23983b6410 JavaThread "pool-2-thread-1" [_thread_blocked, id=159, stack(0x00007f237c500000,0x00007f237c600000)]
  0x00007f23281455e0 JavaThread "Thread-28" [_thread_blocked, id=445, stack(0x00007f2344300000,0x00007f2344400000)]
  0x00007f232815bd50 JavaThread "Thread-29" [_thread_blocked, id=804, stack(0x00007f237c400000,0x00007f237c500000)]
  0x00007f23140637e0 JavaThread "Worker-6" [_thread_blocked, id=843, stack(0x00007f2345100000,0x00007f2345200000)]
  0x00007f232815c9a0 JavaThread "Thread-30" [_thread_blocked, id=868, stack(0x00007f237c100000,0x00007f237c200000)]
  0x00007f2310000ff0 JavaThread "pool-3-thread-2" [_thread_blocked, id=3532, stack(0x00007f237c200000,0x00007f237c300000)]

Other Threads:
  0x00007f23980a1c10 VMThread "VM Thread" [stack: 0x00007f239c5fd000,0x00007f239c6fd000] [id=60] _threads_hazard_ptr=0x00007f23100019e0
  0x00007f2398121760 WatcherThread [stack: 0x00007f237e200000,0x00007f237e300000] [id=74]
  0x00007f239803df30 GCTaskThread "GC Thread#0" [stack: 0x00007f239e0a7000,0x00007f239e1a7000] [id=59]

Threads with active compile tasks:
JVMCI-native CompilerThread0   754804 10704       4       java.lang.Thread::interrupted (23 bytes)

VM state: synchronizing (normal execution)

VM Mutex/Monitor currently owned by a thread:  ([mutex/lock_event])
[0x00007f2398023840] Threads_lock - owner thread: 0x00007f23980a1c10
[0x00007f2398023ff0] Heap_lock - owner thread: 0x00007f232c481d60

OutOfMemory and StackOverflow Exception counts:
OutOfMemoryError java_heap_errors=12
LinkageErrors=76

Heap address: 0x00000000e0000000, size: 512 MB, Compressed Oops mode: 32-bit

CDS archive(s) mapped at: [0x0000000800000000-0x0000000800bc8000-0x0000000800bc8000), size 12353536, SharedBaseAddress: 0x0000000800000000, ArchiveRelocationMode: 0.
Compressed class space mapped at: 0x0000000800c00000-0x0000000840c00000, reserved size: 1073741824
Narrow klass base: 0x0000000800000000, Narrow klass shift: 0, Narrow klass range: 0x100000000

GC Precious Log:
 CPUs: 8 total, 1 available
 Memory: 1024M
 Large Page Support: Disabled
 NUMA Support: Disabled
 Compressed Oops: Enabled (32-bit)
 Alignments: Space 512K, Generation 512K, Heap 2M
 Heap Min Capacity: 100M
 Heap Initial Capacity: 100M
 Heap Max Capacity: 512M
 Pre-touch: Disabled
 Parallel Workers: 1

Heap:
 PSYoungGen      total 32768K, used 23040K [0x00000000f5580000, 0x00000000f8100000, 0x0000000100000000)
  eden space 23040K, 100% used [0x00000000f5580000,0x00000000f6c00000,0x00000000f6c00000)
  from space 9728K, 0% used [0x00000000f6c00000,0x00000000f6c00000,0x00000000f7580000)
  to   space 7168K, 0% used [0x00000000f7580000,0x00000000f7580000,0x00000000f7c80000)
 ParOldGen       total 349696K, used 349694K [0x00000000e0000000, 0x00000000f5580000, 0x00000000f5580000)
  object space 349696K, 99% used [0x00000000e0000000,0x00000000f557fbc8,0x00000000f5580000)
 Metaspace       used 63388K, committed 64576K, reserved 1114112K
  class space    used 6112K, committed 6592K, reserved 1048576K

Card table byte_map: [0x00007f239e1a7000,0x00007f239e2a8000] _byte_map_base: 0x00007f239daa7000

Marking Bits: (ParMarkBitMap*) 0x00007f239f8f74c0
 Begin Bits: [0x00007f239cffa000, 0x00007f239d7fa000)
 End Bits:   [0x00007f239d7fa000, 0x00007f239dffa000)

Polling page: 0x00007f239e4c1000

Metaspace:

Usage:
  Non-class:     55.93 MB used.
      Class:      5.97 MB used.
       Both:     61.90 MB used.

Virtual space:
  Non-class space:       64.00 MB reserved,      56.62 MB ( 88%) committed,  8 nodes.
      Class space:        1.00 GB reserved,       6.44 MB ( <1%) committed,  1 nodes.
             Both:        1.06 GB reserved,      63.06 MB (  6%) committed. 

Chunk freelists:
   Non-Class:  2.63 MB
       Class:  1.65 MB
        Both:  4.28 MB

MaxMetaspaceSize: unlimited
CompressedClassSpaceSize: 1.00 GB
Initial GC threshold: 21.00 MB
Current GC threshold: 105.12 MB
CDS: on
MetaspaceReclaimPolicy: balanced
 - commit_granule_bytes: 65536.
 - commit_granule_words: 8192.
 - virtual_space_node_default_size: 1048576.
 - enlarge_chunks_in_place: 1.
 - new_chunks_are_fully_committed: 0.
 - uncommit_free_chunks: 1.
 - use_allocation_guard: 0.
 - handle_deallocations: 1.


Internal statistics:

num_allocs_failed_limit: 6.
num_arena_births: 520.
num_arena_deaths: 152.
num_vsnodes_births: 9.
num_vsnodes_deaths: 0.
num_space_committed: 1007.
num_space_uncommitted: 0.
num_chunks_returned_to_freelist: 214.
num_chunks_taken_from_freelist: 3017.
num_chunk_merges: 87.
num_chunk_splits: 1982.
num_chunks_enlarged: 1241.
num_purges: 16.
num_inconsistent_stats: 0.

CodeHeap 'non-profiled nmethods': size=120036Kb used=2981Kb max_used=2981Kb free=117054Kb
 bounds [0x00007f2386f7a000, 0x00007f238726a000, 0x00007f238e4b3000]
CodeHeap 'profiled nmethods': size=120032Kb used=18361Kb max_used=18392Kb free=101670Kb
 bounds [0x00007f237fa42000, 0x00007f2380c42000, 0x00007f2386f7a000]
CodeHeap 'non-nmethods': size=5692Kb used=1388Kb max_used=1410Kb free=4303Kb
 bounds [0x00007f237f4b3000, 0x00007f237f723000, 0x00007f237fa42000]
 total_blobs=9007 nmethods=8287 adapters=632
 compilation: enabled
              stopped_count=0, restarted_count=0
 full_count=0

JVMCI Events (20 events):
Event: 467.887 Thread 0x00007f23980b2210 compacted oop handles in JVMCI runtime 0 from 145 to 143
Event: 471.816 Thread 0x00007f23980b2210 compacted oop handles in JVMCI runtime 0 from 146 to 84
Event: 473.324 Thread 0x00007f23980b2210 compacted oop handles in JVMCI runtime 0 from 91 to 88
Event: 482.116 Thread 0x00007f23980b2210 compacted oop handles in JVMCI runtime 0 from 93 to 90
Event: 545.116 Thread 0x00007f23980b2210 compacted oop handles in JVMCI runtime 0 from 142 to 127
Event: 545.117 Thread 0x00007f23980b2210 compacted oop handles in JVMCI runtime 0 from 128 to 116
Event: 568.587 Thread 0x00007f23980b2210 compacted oop handles in JVMCI runtime 0 from 137 to 136
Event: 613.106 Thread 0x00007f23980b2210 compacted oop handles in JVMCI runtime 0 from 138 to 117
Event: 618.424 Thread 0x00007f23980b2210 compacted oop handles in JVMCI runtime 0 from 139 to 138
Event: 629.826 Thread 0x00007f23980b2210 detaching from JVMCI runtime 0: releasing idle compiler thread (0 other threads still attached)
Event: 629.826 Thread 0x00007f23980b2210 shutting down HotSpotJVMCIRuntime for JVMCI runtime 0
Event: 631.015 Thread 0x00007f23980b2210 shut down JVMCI runtime 0
Event: 632.289 Thread 0x00007f23980b2210 destroyed JavaVM[1]@0x00007f237dc9e340 for JVMCI runtime 0
Event: 632.289 Thread 0x00007f23980b2210 compacted oop handles in JVMCI runtime 0 from 150 to 150
Event: 632.289 Thread 0x00007f23980b2210 releasing handles for JVMCI runtime 0: oop handles=150, metadata handles={total=1120, live=954, blocks=35}
Event: 632.289 Thread 0x00007f23980b2210 detached from JVMCI runtime 0
Event: 714.223 Thread 0x00007f23980b2210 attached to JVMCI runtime 0
Event: 714.224 Thread 0x00007f23980b2210 created JavaVM[2]@0x00007f2343b9e340 for JVMCI runtime 0
Event: 714.224 Thread 0x00007f23980b2210 initializing JVMCI runtime 0
Event: 714.224 Thread 0x00007f23980b2210 done waiting for JavaVM references initialization in JVMCI runtime 0

Compilation events (20 events):
Event: 568.587 Thread 0x00007f23980b2210 nmethod 10359 0x00007f2386ff3510 code [0x00007f2386ff3680, 0x00007f2386ff36a8]
Event: 568.587 Thread 0x00007f23980b2210 10168 %     4       org.eclipse.jdt.internal.core.util.Util::quickSort @ 22 (107 bytes)
Event: 574.831 Thread 0x00007f23980b3720 10702       1       org.eclipse.osgi.internal.framework.EquinoxContainer::getStorage (5 bytes)
Event: 576.006 Thread 0x00007f23980b3720 nmethod 10702 0x00007f2386faf990 code [0x00007f2386fafb20, 0x00007f2386fafbf0]
Event: 613.106 Thread 0x00007f23980b2210 nmethod 10168% 0x00007f2387260b10 code [0x00007f2387260d20, 0x00007f2387261ba0]
Event: 613.106 Thread 0x00007f23980b2210 10195       4       org.eclipse.jdt.internal.core.util.LRUCache::get (28 bytes)
Event: 618.423 Thread 0x00007f23980b2210 nmethod 10195 0x00007f23870b3a90 code [0x00007f23870b3c60, 0x00007f23870b3f90]
Event: 618.423 Thread 0x00007f23980b2210 10438       4       org.eclipse.jdt.internal.compiler.lookup.ReferenceBinding::<init> (5 bytes)
Event: 618.424 Thread 0x00007f23980b2210 nmethod 10438 0x00007f2387262510 code [0x00007f2387262680, 0x00007f23872626f0]
Event: 618.424 Thread 0x00007f23980b2210 10415       4       org.eclipse.jdt.internal.compiler.flow.UnconditionalFlowInfo::unconditionalInits (2 bytes)
Event: 618.485 Thread 0x00007f23980b2210 nmethod 10415 0x00007f2387262810 code [0x00007f2387262980, 0x00007f23872629c0]
Event: 618.485 Thread 0x00007f23980b2210 10434       4       org.eclipse.jdt.internal.core.JarPackageFragmentRoot::hashCode (16 bytes)
Event: 619.821 Thread 0x00007f23980b3720 10703       3       org.eclipse.jdt.internal.compiler.lookup.TypeSystem::fixTypeVariableDeclaringElement (83 bytes)
Event: 619.822 Thread 0x00007f23980b3720 nmethod 10703 0x00007f2380442b90 code [0x00007f2380442d60, 0x00007f2380443550]
Event: 627.487 Thread 0x00007f23980b2210 nmethod 10434 0x00007f2387262b10 code [0x00007f2387262c80, 0x00007f2387262e68]
Event: 627.487 Thread 0x00007f23980b2210 10603       4       org.eclipse.jdt.internal.corext.dom.GenericVisitor::visit (6 bytes)
Event: 628.707 Thread 0x00007f23980b2210 nmethod 10603 0x00007f2387263010 code [0x00007f2387263180, 0x00007f23872631e0]
Event: 628.707 Thread 0x00007f23980b2210 10673       4       org.eclipse.jdt.internal.compiler.lookup.TypeBinding::initializeForStaticImports (1 bytes)
Event: 628.708 Thread 0x00007f23980b2210 nmethod 10673 0x00007f2387263310 code [0x00007f2387263480, 0x00007f23872634c0]
Event: 714.223 Thread 0x00007f23980b2210 10704       4       java.lang.Thread::interrupted (23 bytes)

GC Heap History (20 events):
Event: 742.612 GC heap before
{Heap before GC invocations=633 (full 476):
 PSYoungGen      total 32768K, used 23040K [0x00000000f5580000, 0x00000000f8100000, 0x0000000100000000)
  eden space 23040K, 100% used [0x00000000f5580000,0x00000000f6c00000,0x00000000f6c00000)
  from space 9728K, 0% used [0x00000000f6c00000,0x00000000f6c00000,0x00000000f7580000)
  to   space 7168K, 0% used [0x00000000f7580000,0x00000000f7580000,0x00000000f7c80000)
 ParOldGen       total 349696K, used 349692K [0x00000000e0000000, 0x00000000f5580000, 0x00000000f5580000)
  object space 349696K, 99% used [0x00000000e0000000,0x00000000f557f220,0x00000000f5580000)
 Metaspace       used 63388K, committed 64576K, reserved 1114112K
  class space    used 6112K, committed 6592K, reserved 1048576K
}
Event: 743.614 GC heap after
{Heap after GC invocations=633 (full 476):
 PSYoungGen      total 30208K, used 23039K [0x00000000f5580000, 0x00000000f8100000, 0x0000000100000000)
  eden space 23040K, 99% used [0x00000000f5580000,0x00000000f6bfffb0,0x00000000f6c00000)
  from space 7168K, 0% used [0x00000000f7580000,0x00000000f7580000,0x00000000f7c80000)
  to   space 9728K, 0% used [0x00000000f6c00000,0x00000000f6c00000,0x00000000f7580000)
 ParOldGen       total 349696K, used 349692K [0x00000000e0000000, 0x00000000f5580000, 0x00000000f5580000)
  object space 349696K, 99% used [0x00000000e0000000,0x00000000f557f220,0x00000000f5580000)
 Metaspace       used 63388K, committed 64576K, reserved 1114112K
  class space    used 6112K, committed 6592K, reserved 1048576K
}
Event: 743.614 GC heap before
{Heap before GC invocations=634 (full 477):
 PSYoungGen      total 30208K, used 23040K [0x00000000f5580000, 0x00000000f8100000, 0x0000000100000000)
  eden space 23040K, 100% used [0x00000000f5580000,0x00000000f6c00000,0x00000000f6c00000)
  from space 7168K, 0% used [0x00000000f7580000,0x00000000f7580000,0x00000000f7c80000)
  to   space 9728K, 0% used [0x00000000f6c00000,0x00000000f6c00000,0x00000000f7580000)
 ParOldGen       total 349696K, used 349692K [0x00000000e0000000, 0x00000000f5580000, 0x00000000f5580000)
  object space 349696K, 99% used [0x00000000e0000000,0x00000000f557f220,0x00000000f5580000)
 Metaspace       used 63388K, committed 64576K, reserved 1114112K
  class space    used 6112K, committed 6592K, reserved 1048576K
}
Event: 744.712 GC heap after
{Heap after GC invocations=634 (full 477):
 PSYoungGen      total 32768K, used 23039K [0x00000000f5580000, 0x00000000f8100000, 0x0000000100000000)
  eden space 23040K, 99% used [0x00000000f5580000,0x00000000f6bfffb0,0x00000000f6c00000)
  from space 9728K, 0% used [0x00000000f6c00000,0x00000000f6c00000,0x00000000f7580000)
  to   space 7168K, 0% used [0x00000000f7580000,0x00000000f7580000,0x00000000f7c80000)
 ParOldGen       total 349696K, used 349692K [0x00000000e0000000, 0x00000000f5580000, 0x00000000f5580000)
  object space 349696K, 99% used [0x00000000e0000000,0x00000000f557f220,0x00000000f5580000)
 Metaspace       used 63388K, committed 64576K, reserved 1114112K
  class space    used 6112K, committed 6592K, reserved 1048576K
}
Event: 744.712 GC heap before
{Heap before GC invocations=635 (full 478):
 PSYoungGen      total 32768K, used 23039K [0x00000000f5580000, 0x00000000f8100000, 0x0000000100000000)
  eden space 23040K, 99% used [0x00000000f5580000,0x00000000f6bffff8,0x00000000f6c00000)
  from space 9728K, 0% used [0x00000000f6c00000,0x00000000f6c00000,0x00000000f7580000)
  to   space 7168K, 0% used [0x00000000f7580000,0x00000000f7580000,0x00000000f7c80000)
 ParOldGen       total 349696K, used 349692K [0x00000000e0000000, 0x00000000f5580000, 0x00000000f5580000)
  object space 349696K, 99% used [0x00000000e0000000,0x00000000f557f220,0x00000000f5580000)
 Metaspace       used 63388K, committed 64576K, reserved 1114112K
  class space    used 6112K, committed 6592K, reserved 1048576K
}
Event: 745.887 GC heap after
{Heap after GC invocations=635 (full 478):
 PSYoungGen      total 30208K, used 23039K [0x00000000f5580000, 0x00000000f8100000, 0x0000000100000000)
  eden space 23040K, 99% used [0x00000000f5580000,0x00000000f6bfffa8,0x00000000f6c00000)
  from space 7168K, 0% used [0x00000000f7580000,0x00000000f7580000,0x00000000f7c80000)
  to   space 9728K, 0% used [0x00000000f6c00000,0x00000000f6c00000,0x00000000f7580000)
 ParOldGen       total 349696K, used 349692K [0x00000000e0000000, 0x00000000f5580000, 0x00000000f5580000)
  object space 349696K, 99% used [0x00000000e0000000,0x00000000f557f220,0x00000000f5580000)
 Metaspace       used 63388K, committed 64576K, reserved 1114112K
  class space    used 6112K, committed 6592K, reserved 1048576K
}
Event: 745.887 GC heap before
{Heap before GC invocations=636 (full 479):
 PSYoungGen      total 30208K, used 23039K [0x00000000f5580000, 0x00000000f8100000, 0x0000000100000000)
  eden space 23040K, 99% used [0x00000000f5580000,0x00000000f6bffff8,0x00000000f6c00000)
  from space 7168K, 0% used [0x00000000f7580000,0x00000000f7580000,0x00000000f7c80000)
  to   space 9728K, 0% used [0x00000000f6c00000,0x00000000f6c00000,0x00000000f7580000)
 ParOldGen       total 349696K, used 349692K [0x00000000e0000000, 0x00000000f5580000, 0x00000000f5580000)
  object space 349696K, 99% used [0x00000000e0000000,0x00000000f557f220,0x00000000f5580000)
 Metaspace       used 63388K, committed 64576K, reserved 1114112K
  class space    used 6112K, committed 6592K, reserved 1048576K
}
Event: 747.012 GC heap after
{Heap after GC invocations=636 (full 479):
 PSYoungGen      total 32768K, used 23039K [0x00000000f5580000, 0x00000000f8100000, 0x0000000100000000)
  eden space 23040K, 99% used [0x00000000f5580000,0x00000000f6bfff98,0x00000000f6c00000)
  from space 9728K, 0% used [0x00000000f6c00000,0x00000000f6c00000,0x00000000f7580000)
  to   space 7168K, 0% used [0x00000000f7580000,0x00000000f7580000,0x00000000f7c80000)
 ParOldGen       total 349696K, used 349692K [0x00000000e0000000, 0x00000000f5580000, 0x00000000f5580000)
  object space 349696K, 99% used [0x00000000e0000000,0x00000000f557f220,0x00000000f5580000)
 Metaspace       used 63388K, committed 64576K, reserved 1114112K
  class space    used 6112K, committed 6592K, reserved 1048576K
}
Event: 747.012 GC heap before
{Heap before GC invocations=637 (full 480):
 PSYoungGen      total 32768K, used 23039K [0x00000000f5580000, 0x00000000f8100000, 0x0000000100000000)
  eden space 23040K, 99% used [0x00000000f5580000,0x00000000f6bffff8,0x00000000f6c00000)
  from space 9728K, 0% used [0x00000000f6c00000,0x00000000f6c00000,0x00000000f7580000)
  to   space 7168K, 0% used [0x00000000f7580000,0x00000000f7580000,0x00000000f7c80000)
 ParOldGen       total 349696K, used 349692K [0x00000000e0000000, 0x00000000f5580000, 0x00000000f5580000)
  object space 349696K, 99% used [0x00000000e0000000,0x00000000f557f220,0x00000000f5580000)
 Metaspace       used 63388K, committed 64576K, reserved 1114112K
  class space    used 6112K, committed 6592K, reserved 1048576K
}
Event: 748.292 GC heap after
{Heap after GC invocations=637 (full 480):
 PSYoungGen      total 30208K, used 23039K [0x00000000f5580000, 0x00000000f8100000, 0x0000000100000000)
  eden space 23040K, 99% used [0x00000000f5580000,0x00000000f6bfff98,0x00000000f6c00000)
  from space 7168K, 0% used [0x00000000f7580000,0x00000000f7580000,0x00000000f7c80000)
  to   space 9728K, 0% used [0x00000000f6c00000,0x00000000f6c00000,0x00000000f7580000)
 ParOldGen       total 349696K, used 349692K [0x00000000e0000000, 0x00000000f5580000, 0x00000000f5580000)
  object space 349696K, 99% used [0x00000000e0000000,0x00000000f557f220,0x00000000f5580000)
 Metaspace       used 63388K, committed 64576K, reserved 1114112K
  class space    used 6112K, committed 6592K, reserved 1048576K
}
Event: 748.293 GC heap before
{Heap before GC invocations=638 (full 481):
 PSYoungGen      total 30208K, used 23039K [0x00000000f5580000, 0x00000000f8100000, 0x0000000100000000)
  eden space 23040K, 99% used [0x00000000f5580000,0x00000000f6bffff8,0x00000000f6c00000)
  from space 7168K, 0% used [0x00000000f7580000,0x00000000f7580000,0x00000000f7c80000)
  to   space 9728K, 0% used [0x00000000f6c00000,0x00000000f6c00000,0x00000000f7580000)
 ParOldGen       total 349696K, used 349692K [0x00000000e0000000, 0x00000000f5580000, 0x00000000f5580000)
  object space 349696K, 99% used [0x00000000e0000000,0x00000000f557f220,0x00000000f5580000)
 Metaspace       used 63388K, committed 64576K, reserved 1114112K
  class space    used 6112K, committed 6592K, reserved 1048576K
}
Event: 749.614 GC heap after
{Heap after GC invocations=638 (full 481):
 PSYoungGen      total 32768K, used 23039K [0x00000000f5580000, 0x00000000f8100000, 0x0000000100000000)
  eden space 23040K, 99% used [0x00000000f5580000,0x00000000f6bfff98,0x00000000f6c00000)
  from space 9728K, 0% used [0x00000000f6c00000,0x00000000f6c00000,0x00000000f7580000)
  to   space 7168K, 0% used [0x00000000f7580000,0x00000000f7580000,0x00000000f7c80000)
 ParOldGen       total 349696K, used 349692K [0x00000000e0000000, 0x00000000f5580000, 0x00000000f5580000)
  object space 349696K, 99% used [0x00000000e0000000,0x00000000f557f220,0x00000000f5580000)
 Metaspace       used 63388K, committed 64576K, reserved 1114112K
  class space    used 6112K, committed 6592K, reserved 1048576K
}
Event: 749.614 GC heap before
{Heap before GC invocations=639 (full 482):
 PSYoungGen      total 32768K, used 23039K [0x00000000f5580000, 0x00000000f8100000, 0x0000000100000000)
  eden space 23040K, 99% used [0x00000000f5580000,0x00000000f6bffff8,0x00000000f6c00000)
  from space 9728K, 0% used [0x00000000f6c00000,0x00000000f6c00000,0x00000000f7580000)
  to   space 7168K, 0% used [0x00000000f7580000,0x00000000f7580000,0x00000000f7c80000)
 ParOldGen       total 349696K, used 349692K [0x00000000e0000000, 0x00000000f5580000, 0x00000000f5580000)
  object space 349696K, 99% used [0x00000000e0000000,0x00000000f557f220,0x00000000f5580000)
 Metaspace       used 63388K, committed 64576K, reserved 1114112K
  class space    used 6112K, committed 6592K, reserved 1048576K
}
Event: 750.704 GC heap after
{Heap after GC invocations=639 (full 482):
 PSYoungGen      total 30208K, used 23039K [0x00000000f5580000, 0x00000000f8100000, 0x0000000100000000)
  eden space 23040K, 99% used [0x00000000f5580000,0x00000000f6bfffe0,0x00000000f6c00000)
  from space 7168K, 0% used [0x00000000f7580000,0x00000000f7580000,0x00000000f7c80000)
  to   space 9728K, 0% used [0x00000000f6c00000,0x00000000f6c00000,0x00000000f7580000)
 ParOldGen       total 349696K, used 349692K [0x00000000e0000000, 0x00000000f5580000, 0x00000000f5580000)
  object space 349696K, 99% used [0x00000000e0000000,0x00000000f557f220,0x00000000f5580000)
 Metaspace       used 63388K, committed 64576K, reserved 1114112K
  class space    used 6112K, committed 6592K, reserved 1048576K
}
Event: 750.704 GC heap before
{Heap before GC invocations=640 (full 483):
 PSYoungGen      total 30208K, used 23039K [0x00000000f5580000, 0x00000000f8100000, 0x0000000100000000)
  eden space 23040K, 99% used [0x00000000f5580000,0x00000000f6bffff8,0x00000000f6c00000)
  from space 7168K, 0% used [0x00000000f7580000,0x00000000f7580000,0x00000000f7c80000)
  to   space 9728K, 0% used [0x00000000f6c00000,0x00000000f6c00000,0x00000000f7580000)
 ParOldGen       total 349696K, used 349692K [0x00000000e0000000, 0x00000000f5580000, 0x00000000f5580000)
  object space 349696K, 99% used [0x00000000e0000000,0x00000000f557f220,0x00000000f5580000)
 Metaspace       used 63388K, committed 64576K, reserved 1114112K
  class space    used 6112K, committed 6592K, reserved 1048576K
}
Event: 751.909 GC heap after
{Heap after GC invocations=640 (full 483):
 PSYoungGen      total 32768K, used 23039K [0x00000000f5580000, 0x00000000f8100000, 0x0000000100000000)
  eden space 23040K, 99% used [0x00000000f5580000,0x00000000f6bffff8,0x00000000f6c00000)
  from space 9728K, 0% used [0x00000000f6c00000,0x00000000f6c00000,0x00000000f7580000)
  to   space 7168K, 0% used [0x00000000f7580000,0x00000000f7580000,0x00000000f7c80000)
 ParOldGen       total 349696K, used 349692K [0x00000000e0000000, 0x00000000f5580000, 0x00000000f5580000)
  object space 349696K, 99% used [0x00000000e0000000,0x00000000f557f220,0x00000000f5580000)
 Metaspace       used 63388K, committed 64576K, reserved 1114112K
  class space    used 6112K, committed 6592K, reserved 1048576K
}
Event: 751.909 GC heap before
{Heap before GC invocations=641 (full 484):
 PSYoungGen      total 32768K, used 23039K [0x00000000f5580000, 0x00000000f8100000, 0x0000000100000000)
  eden space 23040K, 99% used [0x00000000f5580000,0x00000000f6bffff8,0x00000000f6c00000)
  from space 9728K, 0% used [0x00000000f6c00000,0x00000000f6c00000,0x00000000f7580000)
  to   space 7168K, 0% used [0x00000000f7580000,0x00000000f7580000,0x00000000f7c80000)
 ParOldGen       total 349696K, used 349694K [0x00000000e0000000, 0x00000000f5580000, 0x00000000f5580000)
  object space 349696K, 99% used [0x00000000e0000000,0x00000000f557f938,0x00000000f5580000)
 Metaspace       used 63388K, committed 64576K, reserved 1114112K
  class space    used 6112K, committed 6592K, reserved 1048576K
}
Event: 753.335 GC heap after
{Heap after GC invocations=641 (full 484):
 PSYoungGen      total 30208K, used 23039K [0x00000000f5580000, 0x00000000f8100000, 0x0000000100000000)
  eden space 23040K, 99% used [0x00000000f5580000,0x00000000f6bfff40,0x00000000f6c00000)
  from space 7168K, 0% used [0x00000000f7580000,0x00000000f7580000,0x00000000f7c80000)
  to   space 9728K, 0% used [0x00000000f6c00000,0x00000000f6c00000,0x00000000f7580000)
 ParOldGen       total 349696K, used 349693K [0x00000000e0000000, 0x00000000f5580000, 0x00000000f5580000)
  object space 349696K, 99% used [0x00000000e0000000,0x00000000f557f7e8,0x00000000f5580000)
 Metaspace       used 63388K, committed 64576K, reserved 1114112K
  class space    used 6112K, committed 6592K, reserved 1048576K
}
Event: 753.335 GC heap before
{Heap before GC invocations=642 (full 485):
 PSYoungGen      total 30208K, used 23039K [0x00000000f5580000, 0x00000000f8100000, 0x0000000100000000)
  eden space 23040K, 99% used [0x00000000f5580000,0x00000000f6bfff40,0x00000000f6c00000)
  from space 7168K, 0% used [0x00000000f7580000,0x00000000f7580000,0x00000000f7c80000)
  to   space 9728K, 0% used [0x00000000f6c00000,0x00000000f6c00000,0x00000000f7580000)
 ParOldGen       total 349696K, used 349693K [0x00000000e0000000, 0x00000000f5580000, 0x00000000f5580000)
  object space 349696K, 99% used [0x00000000e0000000,0x00000000f557f7e8,0x00000000f5580000)
 Metaspace       used 63388K, committed 64576K, reserved 1114112K
  class space    used 6112K, committed 6592K, reserved 1048576K
}
Event: 754.715 GC heap after
{Heap after GC invocations=642 (full 485):
 PSYoungGen      total 32768K, used 23039K [0x00000000f5580000, 0x00000000f8100000, 0x0000000100000000)
  eden space 23040K, 99% used [0x00000000f5580000,0x00000000f6bfff40,0x00000000f6c00000)
  from space 9728K, 0% used [0x00000000f6c00000,0x00000000f6c00000,0x00000000f7580000)
  to   space 7168K, 0% used [0x00000000f7580000,0x00000000f7580000,0x00000000f7c80000)
 ParOldGen       total 349696K, used 349693K [0x00000000e0000000, 0x00000000f5580000, 0x00000000f5580000)
  object space 349696K, 99% used [0x00000000e0000000,0x00000000f557f7e8,0x00000000f5580000)
 Metaspace       used 63388K, committed 64576K, reserved 1114112K
  class space    used 6112K, committed 6592K, reserved 1048576K
}

Dll operation events (9 events):
Event: 0.003 Loaded shared library /nix/store/gpxl5qgg8kicmcvivwmybwjlpf7wh20l-graalvm17-ce-22.3.0/lib/libjava.so
Event: 0.018 Loaded shared library /nix/store/gpxl5qgg8kicmcvivwmybwjlpf7wh20l-graalvm17-ce-22.3.0/lib/libjsvml.so
Event: 0.327 Loaded shared library /nix/store/gpxl5qgg8kicmcvivwmybwjlpf7wh20l-graalvm17-ce-22.3.0/lib/libnio.so
Event: 0.387 Loaded shared library /nix/store/gpxl5qgg8kicmcvivwmybwjlpf7wh20l-graalvm17-ce-22.3.0/lib/libzip.so
Event: 0.392 Loaded shared library /nix/store/gpxl5qgg8kicmcvivwmybwjlpf7wh20l-graalvm17-ce-22.3.0/lib/libjvmcicompiler.so
Event: 0.896 Loaded shared library /nix/store/gpxl5qgg8kicmcvivwmybwjlpf7wh20l-graalvm17-ce-22.3.0/lib/libjimage.so
Event: 1.791 Loaded shared library /nix/store/gpxl5qgg8kicmcvivwmybwjlpf7wh20l-graalvm17-ce-22.3.0/lib/libnet.so
Event: 5.692 Loaded shared library /home/runner/.cache/jdt-language-server/config/org.eclipse.equinox.launcher/org.eclipse.equinox.launcher.gtk.linux.x86_64_1.2.400.v20211117-0650/eclipse_11600.so
Event: 15.990 Loaded shared library /nix/store/gpxl5qgg8kicmcvivwmybwjlpf7wh20l-graalvm17-ce-22.3.0/lib/libextnet.so

Deoptimization events (20 events):
Event: 709.510 Thread 0x00007f23200010d0 Uncommon trap: trap_request=0xffffff8f fr.pc=0x00007f23871d8479 relative=0x0000000000000539
Event: 709.510 Thread 0x00007f23200010d0 Uncommon trap: reason=constraint action=none pc=0x00007f23871d8479 method=java.lang.AbstractStringBuilder.append(Ljava/lang/String;)Ljava/lang/AbstractStringBuilder; @ 0 jvmci
Event: 709.510 Thread 0x00007f23200010d0 DEOPT PACKING pc=0x00007f23871d8479 sp=0x00007f2345bfddc0
Event: 709.510 Thread 0x00007f23200010d0 DEOPT UNPACKING pc=0x00007f237f505325 sp=0x00007f2345bfd270 mode 3
Event: 716.899 Thread 0x00007f23200010d0 Uncommon trap: trap_request=0xffffff8f fr.pc=0x00007f23871d8479 relative=0x0000000000000539
Event: 716.899 Thread 0x00007f23200010d0 Uncommon trap: reason=constraint action=none pc=0x00007f23871d8479 method=java.lang.AbstractStringBuilder.append(Ljava/lang/String;)Ljava/lang/AbstractStringBuilder; @ 0 jvmci
Event: 716.899 Thread 0x00007f23200010d0 DEOPT PACKING pc=0x00007f23871d8479 sp=0x00007f2345bfddc0
Event: 716.899 Thread 0x00007f23200010d0 DEOPT UNPACKING pc=0x00007f237f505325 sp=0x00007f2345bfd270 mode 3
Event: 719.512 Thread 0x00007f23200010d0 Uncommon trap: trap_request=0xffffff8f fr.pc=0x00007f2386f97a91 relative=0x00000000000002f1
Event: 719.512 Thread 0x00007f23200010d0 Uncommon trap: reason=constraint action=none pc=0x00007f2386f97a91 method=java.lang.AbstractStringBuilder.newCapacity(I)I @ 32 jvmci
Event: 719.512 Thread 0x00007f23200010d0 DEOPT PACKING pc=0x00007f2386f97a91 sp=0x00007f2345bfdd40
Event: 719.512 Thread 0x00007f23200010d0 DEOPT UNPACKING pc=0x00007f237f505325 sp=0x00007f2345bfd150 mode 3
Event: 721.994 Thread 0x00007f232c481d60 Uncommon trap: trap_request=0xffffff8f fr.pc=0x00007f238722c389 relative=0x00000000000011c9
Event: 721.994 Thread 0x00007f232c481d60 Uncommon trap: reason=constraint action=none pc=0x00007f238722c389 method=org.eclipse.jdt.internal.core.index.DiskIndex.copyQueryResults(Lorg/eclipse/jdt/internal/compiler/util/HashtableOfObject;I)V @ 123 jvmci
Event: 721.994 Thread 0x00007f232c481d60 DEOPT PACKING pc=0x00007f238722c389 sp=0x00007f23459fe530
Event: 721.994 Thread 0x00007f232c481d60 DEOPT UNPACKING pc=0x00007f237f505325 sp=0x00007f23459fda28 mode 3
Event: 724.403 Thread 0x00007f232c2a35e0 Uncommon trap: trap_request=0xffffff8f fr.pc=0x00007f2387057877 relative=0x00000000000000d7
Event: 724.403 Thread 0x00007f232c2a35e0 Uncommon trap: reason=constraint action=none pc=0x00007f2387057877 method=java.util.ArrayList.iterator()Ljava/util/Iterator; @ 0 jvmci
Event: 726.690 Thread 0x00007f232c2a35e0 DEOPT PACKING pc=0x00007f2387057877 sp=0x00007f237c3fe910
Event: 726.690 Thread 0x00007f232c2a35e0 DEOPT UNPACKING pc=0x00007f237f505325 sp=0x00007f237c3fddb8 mode 3

Classes unloaded (20 events):
Event: 192.531 Thread 0x00007f23980a1c10 Unloading class 0x0000000801128800 'jdk/internal/reflect/GeneratedSerializationConstructorAccessor15'
Event: 192.531 Thread 0x00007f23980a1c10 Unloading class 0x0000000801128000 'jdk/internal/reflect/GeneratedConstructorAccessor38'
Event: 192.531 Thread 0x00007f23980a1c10 Unloading class 0x0000000801125c00 'jdk/internal/reflect/GeneratedSerializationConstructorAccessor14'
Event: 192.531 Thread 0x00007f23980a1c10 Unloading class 0x0000000801125800 'jdk/internal/reflect/GeneratedSerializationConstructorAccessor13'
Event: 192.531 Thread 0x00007f23980a1c10 Unloading class 0x0000000801125400 'jdk/internal/reflect/GeneratedSerializationConstructorAccessor12'
Event: 192.531 Thread 0x00007f23980a1c10 Unloading class 0x0000000801125000 'jdk/internal/reflect/GeneratedMethodAccessor12'
Event: 192.531 Thread 0x00007f23980a1c10 Unloading class 0x0000000801124800 'jdk/internal/reflect/GeneratedSerializationConstructorAccessor11'
Event: 192.531 Thread 0x00007f23980a1c10 Unloading class 0x0000000801124400 'jdk/internal/reflect/GeneratedSerializationConstructorAccessor10'
Event: 192.531 Thread 0x00007f23980a1c10 Unloading class 0x0000000801124000 'jdk/internal/reflect/GeneratedSerializationConstructorAccessor9'
Event: 192.531 Thread 0x00007f23980a1c10 Unloading class 0x0000000801122400 'jdk/internal/reflect/GeneratedSerializationConstructorAccessor8'
Event: 192.531 Thread 0x00007f23980a1c10 Unloading class 0x000000080108e400 'jdk/internal/reflect/GeneratedSerializationConstructorAccessor2'
Event: 192.531 Thread 0x00007f23980a1c10 Unloading class 0x000000080108e000 'jdk/internal/reflect/GeneratedSerializationConstructorAccessor1'
Event: 205.011 Thread 0x00007f23980a1c10 Unloading class 0x0000000801124c00 'jdk/internal/reflect/GeneratedMethodAccessor11'
Event: 205.011 Thread 0x00007f23980a1c10 Unloading class 0x00000008010ecc00 'jdk/internal/reflect/GeneratedMethodAccessor10'
Event: 205.011 Thread 0x00007f23980a1c10 Unloading class 0x00000008010ec800 'jdk/internal/reflect/GeneratedMethodAccessor9'
Event: 205.011 Thread 0x00007f23980a1c10 Unloading class 0x00000008010ec000 'jdk/internal/reflect/GeneratedMethodAccessor7'
Event: 206.721 Thread 0x00007f23980a1c10 Unloading class 0x000000080126cc00 'jdk/internal/reflect/GeneratedMethodAccessor15'
Event: 206.721 Thread 0x00007f23980a1c10 Unloading class 0x0000000801228000 'jdk/internal/reflect/GeneratedConstructorAccessor40'
Event: 206.721 Thread 0x00007f23980a1c10 Unloading class 0x0000000801122000 'jdk/internal/reflect/GeneratedConstructorAccessor37'
Event: 206.721 Thread 0x00007f23980a1c10 Unloading class 0x00000008010ec400 'jdk/internal/reflect/GeneratedMethodAccessor8'

Classes redefined (0 events):
No events

Internal exceptions (20 events):
Event: 86.189 Thread 0x00007f232813e050 Exception <a 'java/io/FileNotFoundException'{0x00000000f66a4578}> (0x00000000f66a4578) 
thrown [src/hotspot/share/prims/jni.cpp, line 516]
Event: 88.095 Thread 0x00007f232813e050 Implicit null exception at 0x00007f23871d5b95 to 0x00007f23871d5e92
Event: 647.121 Thread 0x00007f23200010d0 Exception <a 'java/lang/OutOfMemoryError'{0x00000000e0010108}> (0x00000000e0010108) 
thrown [src/hotspot/share/gc/shared/memAllocator.cpp, line 136]
Event: 696.929 Thread 0x00007f232c481d60 Exception <a 'java/lang/OutOfMemoryError'{0x00000000e00106a8}> (0x00000000e00106a8) 
thrown [src/hotspot/share/gc/shared/memAllocator.cpp, line 138]
Event: 696.929 Thread 0x00007f232c481d60 Implicit null exception at 0x00007f238723ee6d to 0x00007f238723eef9
Event: 709.510 Thread 0x00007f23200010d0 Exception <a 'java/lang/OutOfMemoryError'{0x00000000e00103d8}> (0x00000000e00103d8) 
thrown [src/hotspot/share/gc/shared/memAllocator.cpp, line 138]
Event: 709.510 Thread 0x00007f23200010d0 Implicit null exception at 0x00007f23871d81ec to 0x00007f23871d845e
Event: 712.909 Thread 0x00007f23984178f0 Exception <a 'java/lang/OutOfMemoryError'{0x00000000e00106f8}> (0x00000000e00106f8) 
thrown [src/hotspot/share/gc/shared/memAllocator.cpp, line 136]
Event: 716.899 Thread 0x00007f23200010d0 Exception <a 'java/lang/OutOfMemoryError'{0x00000000e00103d8}> (0x00000000e00103d8) 
thrown [src/hotspot/share/gc/shared/memAllocator.cpp, line 138]
Event: 716.899 Thread 0x00007f23200010d0 Implicit null exception at 0x00007f23871d81ec to 0x00007f23871d845e
Event: 719.512 Thread 0x00007f23200010d0 Exception <a 'java/lang/OutOfMemoryError'{0x00000000e00103d8}> (0x00000000e00103d8) 
thrown [src/hotspot/share/gc/shared/memAllocator.cpp, line 138]
Event: 719.512 Thread 0x00007f23200010d0 Implicit null exception at 0x00007f2386f979c8 to 0x00007f2386f97a76
Event: 721.994 Thread 0x00007f232c481d60 Exception <a 'java/lang/OutOfMemoryError'{0x00000000e00103d8}> (0x00000000e00103d8) 
thrown [src/hotspot/share/gc/shared/memAllocator.cpp, line 138]
Event: 721.994 Thread 0x00007f232c481d60 Implicit null exception at 0x00007f238722bdd3 to 0x00007f238722c36e
Event: 724.403 Thread 0x00007f232c2a35e0 Exception <a 'java/lang/OutOfMemoryError'{0x00000000e00103d8}> (0x00000000e00103d8) 
thrown [src/hotspot/share/gc/shared/memAllocator.cpp, line 138]
Event: 724.403 Thread 0x00007f232c2a35e0 Implicit null exception at 0x00007f2387057858 to 0x00007f238705785c
Event: 726.690 Thread 0x00007f239830b820 Exception <a 'java/lang/OutOfMemoryError'{0x00000000e00106f8}> (0x00000000e00106f8) 
thrown [src/hotspot/share/gc/shared/memAllocator.cpp, line 136]
Event: 728.915 Thread 0x00007f239830b820 Exception <a 'java/lang/OutOfMemoryError'{0x00000000e00106f8}> (0x00000000e00106f8) 
thrown [src/hotspot/share/gc/shared/memAllocator.cpp, line 136]
Event: 731.695 Thread 0x00007f23200010d0 Exception <a 'java/lang/OutOfMemoryError'{0x00000000e00106f8}> (0x00000000e00106f8) 
thrown [src/hotspot/share/gc/shared/memAllocator.cpp, line 136]
Event: 754.715 Thread 0x00007f23980b2210 Exception <a 'java/lang/OutOfMemoryError'{0x00000000e0010428}> (0x00000000e0010428) 
thrown [src/hotspot/share/gc/shared/memAllocator.cpp, line 136]

VM Operations (20 events):
Event: 741.430 Executing VM operation: ParallelGCFailedAllocation
Event: 742.612 Executing VM operation: ParallelGCFailedAllocation done
Event: 742.612 Executing VM operation: ParallelGCFailedAllocation
Event: 743.614 Executing VM operation: ParallelGCFailedAllocation done
Event: 743.614 Executing VM operation: ParallelGCFailedAllocation
Event: 744.712 Executing VM operation: ParallelGCFailedAllocation done
Event: 744.712 Executing VM operation: ParallelGCFailedAllocation
Event: 745.887 Executing VM operation: ParallelGCFailedAllocation done
Event: 745.887 Executing VM operation: ParallelGCFailedAllocation
Event: 747.012 Executing VM operation: ParallelGCFailedAllocation done
Event: 747.012 Executing VM operation: ParallelGCFailedAllocation
Event: 748.292 Executing VM operation: ParallelGCFailedAllocation done
Event: 748.292 Executing VM operation: ParallelGCFailedAllocation
Event: 749.614 Executing VM operation: ParallelGCFailedAllocation done
Event: 749.614 Executing VM operation: ParallelGCFailedAllocation
Event: 750.704 Executing VM operation: ParallelGCFailedAllocation done
Event: 750.704 Executing VM operation: ParallelGCFailedAllocation
Event: 751.909 Executing VM operation: ParallelGCFailedAllocation done
Event: 751.909 Executing VM operation: ParallelGCFailedAllocation
Event: 754.715 Executing VM operation: ParallelGCFailedAllocation done

Events (20 events):
Event: 568.588 Thread 0x00007f23980b4b70 flushing nmethod 0x00007f2380042c10
Event: 568.588 Thread 0x00007f23980b4b70 flushing nmethod 0x00007f238004ad90
Event: 568.589 Thread 0x00007f23980b4b70 flushing nmethod 0x00007f23800db710
Event: 568.589 Thread 0x00007f23980b4b70 flushing nmethod 0x00007f238013b490
Event: 568.589 Thread 0x00007f23980b4b70 flushing nmethod 0x00007f2380142310
Event: 568.590 Thread 0x00007f23980b4b70 flushing nmethod 0x00007f2380242710
Event: 568.590 Thread 0x00007f23980b4b70 flushing nmethod 0x00007f23802aad10
Event: 568.590 Thread 0x00007f23980b4b70 flushing nmethod 0x00007f23802b1e10
Event: 568.591 Thread 0x00007f23980b4b70 flushing nmethod 0x00007f2380304a90
Event: 568.592 Thread 0x00007f23980b4b70 flushing nmethod 0x00007f2380442b90
Event: 568.592 Thread 0x00007f23980b4b70 flushing nmethod 0x00007f23804bf190
Event: 568.593 Thread 0x00007f23980b4b70 flushing nmethod 0x00007f238052be10
Event: 568.594 Thread 0x00007f23980b4b70 flushing nmethod 0x00007f23806c8790
Event: 568.594 Thread 0x00007f23980b4b70 flushing nmethod 0x00007f23806ca010
Event: 568.595 Thread 0x00007f23980b4b70 flushing nmethod 0x00007f238087ff10
Event: 568.595 Thread 0x00007f23980b4b70 flushing nmethod 0x00007f2380880b90
Event: 734.225 loading class java/lang/Throwable$WrappedPrintStream
Event: 734.225 loading class java/lang/Throwable$WrappedPrintStream done
Event: 734.225 Thread 0x00007f2310000ff0 Thread added: 0x00007f2310000ff0
Event: 734.225 Protecting memory [0x00007f237c200000,0x00007f237c204000] with protection modes 0


Dynamic libraries:
e0000000-f5580000 rw-p 00000000 00:00 0 
f5580000-f8100000 rw-p 00000000 00:00 0 
f8100000-100000000 ---p 00000000 00:00 0 
800000000-800449000 rw-p 00001000 00:1de2 4611686019135357769            /nix/store/gpxl5qgg8kicmcvivwmybwjlpf7wh20l-graalvm17-ce-22.3.0/lib/server/classes.jsa
800449000-800bc8000 r--p 0044a000 00:1de2 4611686019135357769            /nix/store/gpxl5qgg8kicmcvivwmybwjlpf7wh20l-graalvm17-ce-22.3.0/lib/server/classes.jsa
800bc8000-800c00000 ---p 00000000 00:00 0 
800c00000-800c20000 rw-p 00000000 00:00 0 
800c20000-800c40000 rw-p 00000000 00:00 0 
800c40000-800cc0000 rw-p 00000000 00:00 0 
800cc0000-800d00000 rw-p 00000000 00:00 0 
800d00000-800dc0000 rw-p 00000000 00:00 0 
800dc0000-800e00000 rw-p 00000000 00:00 0 
800e00000-800f40000 rw-p 00000000 00:00 0 
800f40000-800fc0000 rw-p 00000000 00:00 0 
800fc0000-801270000 rw-p 00000000 00:00 0 
801270000-840c00000 ---p 00000000 00:00 0 
562dca61f000-562dca620000 r-xp 00000000 00:1de2 4611686019099417844      /nix/store/gpxl5qgg8kicmcvivwmybwjlpf7wh20l-graalvm17-ce-22.3.0/bin/.java-wrapped
562dca621000-562dca622000 r--p 00001000 00:1de2 4611686019099417844      /nix/store/gpxl5qgg8kicmcvivwmybwjlpf7wh20l-graalvm17-ce-22.3.0/bin/.java-wrapped
562dca622000-562dca623000 rw-p 00002000 00:1de2 4611686019099417844      /nix/store/gpxl5qgg8kicmcvivwmybwjlpf7wh20l-graalvm17-ce-22.3.0/bin/.java-wrapped
562dca623000-562dca624000 rw-p 00004000 00:1de2 4611686019099417844      /nix/store/gpxl5qgg8kicmcvivwmybwjlpf7wh20l-graalvm17-ce-22.3.0/bin/.java-wrapped
562dca624000-562dca625000 rw-p 00005000 00:1de2 4611686019099417844      /nix/store/gpxl5qgg8kicmcvivwmybwjlpf7wh20l-graalvm17-ce-22.3.0/bin/.java-wrapped
562dcbb07000-562dcbb4f000 rw-p 00000000 00:00 0                          [heap]
7f22c3400000-7f22c3490000 rw-p 00000000 00:00 0 
7f22c3490000-7f22c3500000 ---p 00000000 00:00 0 
7f22c3500000-7f22c3510000 rw-p 00000000 00:00 0 
7f22c3510000-7f22c3c00000 ---p 00000000 00:00 0 
7f22c4000000-7f22c405d000 rw-p 00000000 00:00 0 
7f22c405d000-7f22c8000000 ---p 00000000 00:00 0 
7f22c8000000-7f22c8023000 rw-p 00000000 00:00 0 
7f22c8023000-7f22cc000000 ---p 00000000 00:00 0 
7f22cc000000-7f22cc15a000 rw-p 00000000 00:00 0 
7f22cc15a000-7f22d0000000 ---p 00000000 00:00 0 
7f22d0000000-7f22d0021000 rw-p 00000000 00:00 0 
7f22d0021000-7f22d4000000 ---p 00000000 00:00 0 
7f22d4000000-7f22d4113000 rw-p 00000000 00:00 0 
7f22d4113000-7f22d8000000 ---p 00000000 00:00 0 
7f22d8000000-7f22d80b2000 rw-p 00000000 00:00 0 
7f22d80b2000-7f22dc000000 ---p 00000000 00:00 0 
7f22dc000000-7f22dc021000 rw-p 00000000 00:00 0 
7f22dc021000-7f22e0000000 ---p 00000000 00:00 0 
7f22e0000000-7f22e003a000 rw-p 00000000 00:00 0 
7f22e003a000-7f22e4000000 ---p 00000000 00:00 0 
7f22e4000000-7f22e4021000 rw-p 00000000 00:00 0 
7f22e4021000-7f22e8000000 ---p 00000000 00:00 0 
7f22e8000000-7f22e8021000 rw-p 00000000 00:00 0 
7f22e8021000-7f22ec000000 ---p 00000000 00:00 0 
7f22ec000000-7f22ec021000 rw-p 00000000 00:00 0 
7f22ec021000-7f22f0000000 ---p 00000000 00:00 0 
7f22f0800000-7f22f09c0000 rw-p 00000000 00:00 0 
7f22f09c0000-7f22f0a00000 rw-p 00000000 00:00 0 
7f22f0a00000-7f22f1000000 rw-p 00000000 00:00 0 
7f22f1c00000-7f22f20e0000 rw-p 00000000 00:00 0 
7f22f20e0000-7f22f2400000 rw-p 00000000 00:00 0 
7f22f24b3000-7f22fc000000 r--s 00000000 00:1de2 4611686019135192581      /nix/store/gpxl5qgg8kicmcvivwmybwjlpf7wh20l-graalvm17-ce-22.3.0/lib/modules
7f22fc000000-7f22fc04d000 rw-p 00000000 00:00 0 
7f22fc04d000-7f2300000000 ---p 00000000 00:00 0 
7f2300000000-7f2300021000 rw-p 00000000 00:00 0 
7f2300021000-7f2304000000 ---p 00000000 00:00 0 
7f2304000000-7f2304158000 rw-p 00000000 00:00 0 
7f2304158000-7f2308000000 ---p 00000000 00:00 0 
7f2308000000-7f23084f7000 rw-p 00000000 00:00 0 
7f23084f7000-7f230c000000 ---p 00000000 00:00 0 
7f230c000000-7f230c021000 rw-p 00000000 00:00 0 
7f230c021000-7f2310000000 ---p 00000000 00:00 0 
7f2310000000-7f2310021000 rw-p 00000000 00:00 0 
7f2310021000-7f2314000000 ---p 00000000 00:00 0 
7f2314000000-7f23140dc000 rw-p 00000000 00:00 0 
7f23140dc000-7f2318000000 ---p 00000000 00:00 0 
7f2318000000-7f2318051000 rw-p 00000000 00:00 0 
7f2318051000-7f231c000000 ---p 00000000 00:00 0 
7f231c000000-7f231c021000 rw-p 00000000 00:00 0 
7f231c021000-7f2320000000 ---p 00000000 00:00 0 
7f2320000000-7f2320316000 rw-p 00000000 00:00 0 
7f2320316000-7f2324000000 ---p 00000000 00:00 0 
7f2324000000-7f2324021000 rw-p 00000000 00:00 0 
7f2324021000-7f2328000000 ---p 00000000 00:00 0 
7f2328000000-7f2328181000 rw-p 00000000 00:00 0 
7f2328181000-7f232c000000 ---p 00000000 00:00 0 
7f232c000000-7f232c8cb000 rw-p 00000000 00:00 0 
7f232c8cb000-7f2330000000 ---p 00000000 00:00 0 
7f2330000000-7f2330026000 rw-p 00000000 00:00 0 
7f2330026000-7f2334000000 ---p 00000000 00:00 0 
7f2334000000-7f2334021000 rw-p 00000000 00:00 0 
7f2334021000-7f2338000000 ---p 00000000 00:00 0 
7f2338000000-7f2338021000 rw-p 00000000 00:00 0 
7f2338021000-7f233c000000 ---p 00000000 00:00 0 
7f233c000000-7f233c0b5000 rw-p 00000000 00:00 0 
7f233c0b5000-7f2340000000 ---p 00000000 00:00 0 
7f2340400000-7f2340580000 rw-p 00000000 00:00 0 
7f2340580000-7f2340600000 rw-p 00000000 00:00 0 
7f2340600000-7f2340900000 rw-p 00000000 00:00 0 
7f2340900000-7f2340a00000 rw-p 00000000 00:00 0 
7f2340a00000-7f2340c00000 rw-p 00000000 00:00 0 
7f2340c00000-7f2340d00000 rw-p 00000000 00:00 0 
7f2340d00000-7f2340d80000 rw-p 00000000 00:00 0 
7f2340d80000-7f2340e00000 rw-p 00000000 00:00 0 
7f2340e00000-7f2340f00000 rw-p 00000000 00:00 0 
7f2340f00000-7f2341100000 rw-p 00000000 00:00 0 
7f2341100000-7f2341200000 rw-p 00000000 00:00 0 
7f2341200000-7f2341400000 rw-p 00000000 00:00 0 
7f2341400000-7f2341500000 rw-p 00000000 00:00 0 
7f2341500000-7f2341600000 rw-p 00000000 00:00 0 
7f2341600000-7f2341b80000 rw-p 00000000 00:00 0 
7f2341b80000-7f2341c00000 rw-p 00000000 00:00 0 
7f2341c00000-7f2341d00000 rw-p 00000000 00:00 0 
7f2341d00000-7f2341e00000 rw-p 00000000 00:00 0 
7f2341e00000-7f2342300000 rw-p 00000000 00:00 0 
7f2342300000-7f2342400000 rw-p 00000000 00:00 0 
7f2342400000-7f2342410000 r-xp 00000000 00:1ddf 370                      /home/runner/.cache/jdt-language-server/config/org.eclipse.equinox.launcher/org.eclipse.equinox.launcher.gtk.linux.x86_64_1.2.400.v20211117-0650/eclipse_11600.so
7f2342410000-7f234260f000 ---p 00010000 00:1ddf 370                      /home/runner/.cache/jdt-language-server/config/org.eclipse.equinox.launcher/org.eclipse.equinox.launcher.gtk.linux.x86_64_1.2.400.v20211117-0650/eclipse_11600.so
7f234260f000-7f2342610000 r--p 0000f000 00:1ddf 370                      /home/runner/.cache/jdt-language-server/config/org.eclipse.equinox.launcher/org.eclipse.equinox.launcher.gtk.linux.x86_64_1.2.400.v20211117-0650/eclipse_11600.so
7f2342610000-7f2342611000 rw-p 00010000 00:1ddf 370                      /home/runner/.cache/jdt-language-server/config/org.eclipse.equinox.launcher/org.eclipse.equinox.launcher.gtk.linux.x86_64_1.2.400.v20211117-0650/eclipse_11600.so
7f2342f00000-7f2343000000 ---p 00000000 00:00 0 
7f2343000000-7f23435af000 r--p 01122000 00:1de2 4611686019135190040      /nix/store/gpxl5qgg8kicmcvivwmybwjlpf7wh20l-graalvm17-ce-22.3.0/lib/libjvmcicompiler.so
7f23435af000-7f2343700000 r--p 00000000 00:00 0 
7f2343700000-7f234373d000 rw-p 00000000 00:00 0 
7f234373d000-7f2343c5d000 rw-p 0185f000 00:1de2 4611686019135190040      /nix/store/gpxl5qgg8kicmcvivwmybwjlpf7wh20l-graalvm17-ce-22.3.0/lib/libjvmcicompiler.so
7f2343c5d000-7f2344044000 r--p 01d7f000 00:1de2 4611686019135190040      /nix/store/gpxl5qgg8kicmcvivwmybwjlpf7wh20l-graalvm17-ce-22.3.0/lib/libjvmcicompiler.so
7f2344100000-7f2344104000 ---p 00000000 00:00 0 
7f2344104000-7f2344200000 rw-p 00000000 00:00 0 
7f2344300000-7f2344304000 ---p 00000000 00:00 0 
7f2344304000-7f2344400000 rw-p 00000000 00:00 0 
7f2344500000-7f2344504000 ---p 00000000 00:00 0 
7f2344504000-7f2344600000 rw-p 00000000 00:00 0 
7f2344700000-7f2344704000 ---p 00000000 00:00 0 
7f2344704000-7f2344800000 rw-p 00000000 00:00 0 
7f2344800000-7f2344804000 ---p 00000000 00:00 0 
7f2344804000-7f2344900000 rw-p 00000000 00:00 0 
7f2344900000-7f2344904000 ---p 00000000 00:00 0 
7f2344904000-7f2344a00000 rw-p 00000000 00:00 0 
7f2344b00000-7f2344b04000 ---p 00000000 00:00 0 
7f2344b04000-7f2344c00000 rw-p 00000000 00:00 0 
7f2344d00000-7f2344d04000 ---p 00000000 00:00 0 
7f2344d04000-7f2344e00000 rw-p 00000000 00:00 0 
7f2344e00000-7f2344e04000 ---p 00000000 00:00 0 
7f2344e04000-7f2344f00000 rw-p 00000000 00:00 0 
7f2344f00000-7f2344f04000 ---p 00000000 00:00 0 
7f2344f04000-7f2345000000 rw-p 00000000 00:00 0 
7f2345100000-7f2345104000 ---p 00000000 00:00 0 
7f2345104000-7f2345200000 rw-p 00000000 00:00 0 
7f2345300000-7f2345304000 ---p 00000000 00:00 0 
7f2345304000-7f2345400000 rw-p 00000000 00:00 0 
7f2345500000-7f2345504000 ---p 00000000 00:00 0 
7f2345504000-7f2345600000 rw-p 00000000 00:00 0 
7f2345700000-7f2345704000 ---p 00000000 00:00 0 
7f2345704000-7f2345800000 rw-p 00000000 00:00 0 
7f2345900000-7f2345904000 ---p 00000000 00:00 0 
7f2345904000-7f2345a00000 rw-p 00000000 00:00 0 
7f2345a00000-7f2345a04000 ---p 00000000 00:00 0 
7f2345a04000-7f2345b00000 rw-p 00000000 00:00 0 
7f2345b00000-7f2345b04000 ---p 00000000 00:00 0 
7f2345b04000-7f2345c00000 rw-p 00000000 00:00 0 
7f2345c00000-7f2347d6a000 r-xp 00000000 00:1de2 4611686019135190040      /nix/store/gpxl5qgg8kicmcvivwmybwjlpf7wh20l-graalvm17-ce-22.3.0/lib/libjvmcicompiler.so
7f2347d6a000-7f2347f69000 ---p 0216a000 00:1de2 4611686019135190040      /nix/store/gpxl5qgg8kicmcvivwmybwjlpf7wh20l-graalvm17-ce-22.3.0/lib/libjvmcicompiler.so
7f2347f69000-7f2347f6a000 r--p 02169000 00:1de2 4611686019135190040      /nix/store/gpxl5qgg8kicmcvivwmybwjlpf7wh20l-graalvm17-ce-22.3.0/lib/libjvmcicompiler.so
7f2347f6a000-7f2347f6c000 rw-p 0216a000 00:1de2 4611686019135190040      /nix/store/gpxl5qgg8kicmcvivwmybwjlpf7wh20l-graalvm17-ce-22.3.0/lib/libjvmcicompiler.so
7f2347f6c000-7f2347f6d000 rw-p 00000000 00:00 0 
7f2347f6d000-7f2347f72000 rw-p 023c3000 00:1de2 4611686019135190040      /nix/store/gpxl5qgg8kicmcvivwmybwjlpf7wh20l-graalvm17-ce-22.3.0/lib/libjvmcicompiler.so
7f2348000000-7f2348021000 rw-p 00000000 00:00 0 
7f2348021000-7f234c000000 ---p 00000000 00:00 0 
7f234c000000-7f234c021000 rw-p 00000000 00:00 0 
7f234c021000-7f2350000000 ---p 00000000 00:00 0 
7f2350000000-7f2350021000 rw-p 00000000 00:00 0 
7f2350021000-7f2354000000 ---p 00000000 00:00 0 
7f2354000000-7f2354021000 rw-p 00000000 00:00 0 
7f2354021000-7f2358000000 ---p 00000000 00:00 0 
7f2358000000-7f2358103000 rw-p 00000000 00:00 0 
7f2358103000-7f235c000000 ---p 00000000 00:00 0 
7f235c000000-7f235cb43000 rw-p 00000000 00:00 0 
7f235cb43000-7f2360000000 ---p 00000000 00:00 0 
7f2360000000-7f2360021000 rw-p 00000000 00:00 0 
7f2360021000-7f2364000000 ---p 00000000 00:00 0 
7f2364000000-7f2364021000 rw-p 00000000 00:00 0 
7f2364021000-7f2368000000 ---p 00000000 00:00 0 
7f2368000000-7f2368021000 rw-p 00000000 00:00 0 
7f2368021000-7f236c000000 ---p 00000000 00:00 0 
7f236c000000-7f236c021000 rw-p 00000000 00:00 0 
7f236c021000-7f2370000000 ---p 00000000 00:00 0 
7f2370000000-7f2370021000 rw-p 00000000 00:00 0 
7f2370021000-7f2374000000 ---p 00000000 00:00 0 
7f2374000000-7f2374021000 rw-p 00000000 00:00 0 
7f2374021000-7f2378000000 ---p 00000000 00:00 0 
7f2378000000-7f237812a000 rw-p 00000000 00:00 0 
7f237812a000-7f237c000000 ---p 00000000 00:00 0 
7f237c100000-7f237c104000 ---p 00000000 00:00 0 
7f237c104000-7f237c200000 rw-p 00000000 00:00 0 
7f237c200000-7f237c204000 ---p 00000000 00:00 0 
7f237c204000-7f237c300000 rw-p 00000000 00:00 0 
7f237c300000-7f237c304000 ---p 00000000 00:00 0 
7f237c304000-7f237c400000 rw-p 00000000 00:00 0 
7f237c400000-7f237c404000 ---p 00000000 00:00 0 
7f237c404000-7f237c500000 rw-p 00000000 00:00 0 
7f237c500000-7f237c504000 ---p 00000000 00:00 0 
7f237c504000-7f237c600000 rw-p 00000000 00:00 0 
7f237c700000-7f237c704000 ---p 00000000 00:00 0 
7f237c704000-7f237c800000 rw-p 00000000 00:00 0 
7f237c900000-7f237c904000 ---p 00000000 00:00 0 
7f237c904000-7f237ca00000 rw-p 00000000 00:00 0 
7f237cb00000-7f237cb04000 ---p 00000000 00:00 0 
7f237cb04000-7f237cc00000 rw-p 00000000 00:00 0 
7f237cd00000-7f237cd04000 ---p 00000000 00:00 0 
7f237cd04000-7f237ce00000 rw-p 00000000 00:00 0 
7f237cf00000-7f237cf04000 ---p 00000000 00:00 0 
7f237cf04000-7f237d000000 rw-p 00000000 00:00 0 
7f237dc68000-7f237e100000 rw-p 00000000 00:00 0 
7f237e1fe000-7f237e1ff000 ---p 00000000 00:00 0 
7f237e1ff000-7f237e300000 rw-p 00000000 00:00 0 
7f237e300000-7f237e304000 ---p 00000000 00:00 0 
7f237e304000-7f237e400000 rw-p 00000000 00:00 0 
7f237e400000-7f237e404000 ---p 00000000 00:00 0 
7f237e404000-7f237e500000 rw-p 00000000 00:00 0 
7f237e500000-7f237e504000 ---p 00000000 00:00 0 
7f237e504000-7f237e600000 rw-p 00000000 00:00 0 
7f237e600000-7f237e604000 ---p 00000000 00:00 0 
7f237e604000-7f237e800000 rw-p 00000000 00:00 0 
7f237e800000-7f237e804000 ---p 00000000 00:00 0 
7f237e804000-7f237ea00000 rw-p 00000000 00:00 0 
7f237ea00000-7f237ea04000 ---p 00000000 00:00 0 
7f237ea04000-7f237eb00000 rw-p 00000000 00:00 0 
7f237eb00000-7f237eb04000 ---p 00000000 00:00 0 
7f237eb04000-7f237f000000 rw-p 00000000 00:00 0 
7f237f000000-7f237f300000 rw-p 00000000 00:00 0 
7f237f300000-7f237f400000 rw-p 00000000 00:00 0 
7f237f45c000-7f237f460000 ---p 00000000 00:00 0 
7f237f460000-7f237f47e000 rw-p 00000000 00:00 0 
7f237f47e000-7f237f493000 r-xp 00000000 00:1de2 4611686019135192570      /nix/store/gpxl5qgg8kicmcvivwmybwjlpf7wh20l-graalvm17-ce-22.3.0/lib/libnet.so
7f237f493000-7f237f494000 ---p 00015000 00:1de2 4611686019135192570      /nix/store/gpxl5qgg8kicmcvivwmybwjlpf7wh20l-graalvm17-ce-22.3.0/lib/libnet.so
7f237f494000-7f237f495000 r--p 00015000 00:1de2 4611686019135192570      /nix/store/gpxl5qgg8kicmcvivwmybwjlpf7wh20l-graalvm17-ce-22.3.0/lib/libnet.so
7f237f495000-7f237f496000 rw-p 00016000 00:1de2 4611686019135192570      /nix/store/gpxl5qgg8kicmcvivwmybwjlpf7wh20l-graalvm17-ce-22.3.0/lib/libnet.so
7f237f496000-7f237f499000 rw-p 0001b000 00:1de2 4611686019135192570      /nix/store/gpxl5qgg8kicmcvivwmybwjlpf7wh20l-graalvm17-ce-22.3.0/lib/libnet.so
7f237f499000-7f237f4ac000 r-xp 00000000 00:1de2 4611686019135192571      /nix/store/gpxl5qgg8kicmcvivwmybwjlpf7wh20l-graalvm17-ce-22.3.0/lib/libnio.so
7f237f4ac000-7f237f4ad000 r--p 00012000 00:1de2 4611686019135192571      /nix/store/gpxl5qgg8kicmcvivwmybwjlpf7wh20l-graalvm17-ce-22.3.0/lib/libnio.so
7f237f4ad000-7f237f4ae000 rw-p 00013000 00:1de2 4611686019135192571      /nix/store/gpxl5qgg8kicmcvivwmybwjlpf7wh20l-graalvm17-ce-22.3.0/lib/libnio.so
7f237f4ae000-7f237f4b3000 rw-p 00019000 00:1de2 4611686019135192571      /nix/store/gpxl5qgg8kicmcvivwmybwjlpf7wh20l-graalvm17-ce-22.3.0/lib/libnio.so
7f237f4b3000-7f237f723000 rwxp 00000000 00:00 0 
7f237f723000-7f237fa42000 ---p 00000000 00:00 0 
7f237fa42000-7f2380c42000 rwxp 00000000 00:00 0 
7f2380c42000-7f2386f7a000 ---p 00000000 00:00 0 
7f2386f7a000-7f238726a000 rwxp 00000000 00:00 0 
7f238726a000-7f238e4b3000 ---p 00000000 00:00 0 
7f238e4b3000-7f2398000000 r--s 00000000 00:1de2 4611686019135192581      /nix/store/gpxl5qgg8kicmcvivwmybwjlpf7wh20l-graalvm17-ce-22.3.0/lib/modules
7f2398000000-7f2398604000 rw-p 00000000 00:00 0 
7f2398604000-7f239c000000 ---p 00000000 00:00 0 
7f239c004000-7f239c006000 r-xp 00000000 00:1de2 4611686019135190017      /nix/store/gpxl5qgg8kicmcvivwmybwjlpf7wh20l-graalvm17-ce-22.3.0/lib/libextnet.so
7f239c006000-7f239c007000 r--p 00001000 00:1de2 4611686019135190017      /nix/store/gpxl5qgg8kicmcvivwmybwjlpf7wh20l-graalvm17-ce-22.3.0/lib/libextnet.so
7f239c007000-7f239c008000 rw-p 00002000 00:1de2 4611686019135190017      /nix/store/gpxl5qgg8kicmcvivwmybwjlpf7wh20l-graalvm17-ce-22.3.0/lib/libextnet.so
7f239c008000-7f239c009000 rw-p 00004000 00:1de2 4611686019135190017      /nix/store/gpxl5qgg8kicmcvivwmybwjlpf7wh20l-graalvm17-ce-22.3.0/lib/libextnet.so
7f239c009000-7f239c010000 r-xp 00000000 00:1de2 4611686019135192580      /nix/store/gpxl5qgg8kicmcvivwmybwjlpf7wh20l-graalvm17-ce-22.3.0/lib/libzip.so
7f239c010000-7f239c011000 ---p 00007000 00:1de2 4611686019135192580      /nix/store/gpxl5qgg8kicmcvivwmybwjlpf7wh20l-graalvm17-ce-22.3.0/lib/libzip.so
7f239c011000-7f239c012000 r--p 00007000 00:1de2 4611686019135192580      /nix/store/gpxl5qgg8kicmcvivwmybwjlpf7wh20l-graalvm17-ce-22.3.0/lib/libzip.so
7f239c012000-7f239c013000 rw-p 00008000 00:1de2 4611686019135192580      /nix/store/gpxl5qgg8kicmcvivwmybwjlpf7wh20l-graalvm17-ce-22.3.0/lib/libzip.so
7f239c013000-7f239c015000 rw-p 0000b000 00:1de2 4611686019135192580      /nix/store/gpxl5qgg8kicmcvivwmybwjlpf7wh20l-graalvm17-ce-22.3.0/lib/libzip.so
7f239c015000-7f239c019000 ---p 00000000 00:00 0 
7f239c019000-7f239c115000 rw-p 00000000 00:00 0 
7f239c115000-7f239c3fb000 r--p 00000000 00:1dd0 28444448                 /usr/lib/locale/locale-archive
7f239c3fb000-7f239c3ff000 ---p 00000000 00:00 0 
7f239c3ff000-7f239c4fb000 rw-p 00000000 00:00 0 
7f239c4fb000-7f239c4ff000 ---p 00000000 00:00 0 
7f239c4ff000-7f239c5fb000 rw-p 00000000 00:00 0 
7f239c5fb000-7f239c5fc000 ---p 00000000 00:00 0 
7f239c5fc000-7f239c6fd000 rw-p 00000000 00:00 0 
7f239c6fd000-7f239c7cb000 r-xp 00000000 00:1de2 4611686019135190036      /nix/store/gpxl5qgg8kicmcvivwmybwjlpf7wh20l-graalvm17-ce-22.3.0/lib/libjsvml.so
7f239c7cb000-7f239c7cc000 r--p 000cd000 00:1de2 4611686019135190036      /nix/store/gpxl5qgg8kicmcvivwmybwjlpf7wh20l-graalvm17-ce-22.3.0/lib/libjsvml.so
7f239c7cc000-7f239c7cd000 rw-p 000ce000 00:1de2 4611686019135190036      /nix/store/gpxl5qgg8kicmcvivwmybwjlpf7wh20l-graalvm17-ce-22.3.0/lib/libjsvml.so
7f239c7cd000-7f239e0a5000 rw-p 00000000 00:00 0 
7f239e0a5000-7f239e0a6000 ---p 00000000 00:00 0 
7f239e0a6000-7f239e251000 rw-p 00000000 00:00 0 
7f239e251000-7f239e268000 rw-p 00000000 00:00 0 
7f239e268000-7f239e2a7000 ---p 00000000 00:00 0 
7f239e2a7000-7f239e2ae000 rw-p 00000000 00:00 0 
7f239e2ae000-7f239e393000 ---p 00000000 00:00 0 
7f239e393000-7f239e3b7000 rw-p 00000000 00:00 0 
7f239e3b7000-7f239e47e000 ---p 00000000 00:00 0 
7f239e47e000-7f239e483000 rw-p 00000000 00:00 0 
7f239e483000-7f239e48a000 ---p 00000000 00:00 0 
7f239e48a000-7f239e4ae000 r-xp 00000000 00:1de2 4611686019135190028      /nix/store/gpxl5qgg8kicmcvivwmybwjlpf7wh20l-graalvm17-ce-22.3.0/lib/libjava.so
7f239e4ae000-7f239e4af000 ---p 00024000 00:1de2 4611686019135190028      /nix/store/gpxl5qgg8kicmcvivwmybwjlpf7wh20l-graalvm17-ce-22.3.0/lib/libjava.so
7f239e4af000-7f239e4b0000 r--p 00024000 00:1de2 4611686019135190028      /nix/store/gpxl5qgg8kicmcvivwmybwjlpf7wh20l-graalvm17-ce-22.3.0/lib/libjava.so
7f239e4b0000-7f239e4b1000 rw-p 00025000 00:1de2 4611686019135190028      /nix/store/gpxl5qgg8kicmcvivwmybwjlpf7wh20l-graalvm17-ce-22.3.0/lib/libjava.so
7f239e4b1000-7f239e4b2000 rw-p 00000000 00:00 0 
7f239e4b2000-7f239e4b9000 rw-p 0002f000 00:1de2 4611686019135190028      /nix/store/gpxl5qgg8kicmcvivwmybwjlpf7wh20l-graalvm17-ce-22.3.0/lib/libjava.so
7f239e4b9000-7f239e4c1000 rw-s 00000000 00:832 365                       /tmp/hsperfdata_runner/52
7f239e4c1000-7f239e4c2000 ---p 00000000 00:00 0 
7f239e4c2000-7f239e4c3000 r--p 00000000 00:00 0 
7f239e4c3000-7f239e4c4000 rwxp 00000000 00:00 0 
7f239e4c4000-7f239e4df000 r-xp 00000000 00:1de2 4611686019135190032      /nix/store/gpxl5qgg8kicmcvivwmybwjlpf7wh20l-graalvm17-ce-22.3.0/lib/libjimage.so
7f239e4df000-7f239e4e0000 ---p 0001b000 00:1de2 4611686019135190032      /nix/store/gpxl5qgg8kicmcvivwmybwjlpf7wh20l-graalvm17-ce-22.3.0/lib/libjimage.so
7f239e4e0000-7f239e4e2000 r--p 0001b000 00:1de2 4611686019135190032      /nix/store/gpxl5qgg8kicmcvivwmybwjlpf7wh20l-graalvm17-ce-22.3.0/lib/libjimage.so
7f239e4e2000-7f239e4e3000 rw-p 0001d000 00:1de2 4611686019135190032      /nix/store/gpxl5qgg8kicmcvivwmybwjlpf7wh20l-graalvm17-ce-22.3.0/lib/libjimage.so
7f239e4e3000-7f239e4e4000 rw-p 00024000 00:1de2 4611686019135190032      /nix/store/gpxl5qgg8kicmcvivwmybwjlpf7wh20l-graalvm17-ce-22.3.0/lib/libjimage.so
7f239e4e4000-7f239e4e8000 ---p 00000000 00:00 0 
7f239e4e8000-7f239e5e4000 rw-p 00000000 00:00 0 
7f239e5e4000-7f239e5f2000 r--p 00000000 00:1de2 4611686019027979927      /nix/store/4nlgxhb09sdr51nc9hdm8az5b08vzkgx-glibc-2.35-163/lib/libm.so.6
7f239e5f2000-7f239e665000 r-xp 0000e000 00:1de2 4611686019027979927      /nix/store/4nlgxhb09sdr51nc9hdm8az5b08vzkgx-glibc-2.35-163/lib/libm.so.6
7f239e665000-7f239e6c2000 r--p 00081000 00:1de2 4611686019027979927      /nix/store/4nlgxhb09sdr51nc9hdm8az5b08vzkgx-glibc-2.35-163/lib/libm.so.6
7f239e6c2000-7f239e6c3000 r--p 000dd000 00:1de2 4611686019027979927      /nix/store/4nlgxhb09sdr51nc9hdm8az5b08vzkgx-glibc-2.35-163/lib/libm.so.6
7f239e6c3000-7f239e6c4000 rw-p 000de000 00:1de2 4611686019027979927      /nix/store/4nlgxhb09sdr51nc9hdm8az5b08vzkgx-glibc-2.35-163/lib/libm.so.6
7f239e6c4000-7f239e6c5000 r--p 00000000 00:1de2 4611686019027979946      /nix/store/4nlgxhb09sdr51nc9hdm8az5b08vzkgx-glibc-2.35-163/lib/librt.so.1
7f239e6c5000-7f239e6c6000 r-xp 00001000 00:1de2 4611686019027979946      /nix/store/4nlgxhb09sdr51nc9hdm8az5b08vzkgx-glibc-2.35-163/lib/librt.so.1
7f239e6c6000-7f239e6c7000 r--p 00002000 00:1de2 4611686019027979946      /nix/store/4nlgxhb09sdr51nc9hdm8az5b08vzkgx-glibc-2.35-163/lib/librt.so.1
7f239e6c7000-7f239e6c8000 r--p 00002000 00:1de2 4611686019027979946      /nix/store/4nlgxhb09sdr51nc9hdm8az5b08vzkgx-glibc-2.35-163/lib/librt.so.1
7f239e6c8000-7f239e6c9000 rw-p 00003000 00:1de2 4611686019027979946      /nix/store/4nlgxhb09sdr51nc9hdm8az5b08vzkgx-glibc-2.35-163/lib/librt.so.1
7f239e6c9000-7f239f7dc000 r-xp 00000000 00:1de2 4611686019135360866      /nix/store/gpxl5qgg8kicmcvivwmybwjlpf7wh20l-graalvm17-ce-22.3.0/lib/server/libjvm.so
7f239f7dc000-7f239f7dd000 ---p 01113000 00:1de2 4611686019135360866      /nix/store/gpxl5qgg8kicmcvivwmybwjlpf7wh20l-graalvm17-ce-22.3.0/lib/server/libjvm.so
7f239f7dd000-7f239f892000 r--p 01113000 00:1de2 4611686019135360866      /nix/store/gpxl5qgg8kicmcvivwmybwjlpf7wh20l-graalvm17-ce-22.3.0/lib/server/libjvm.so
7f239f892000-7f239f8c6000 rw-p 011c8000 00:1de2 4611686019135360866      /nix/store/gpxl5qgg8kicmcvivwmybwjlpf7wh20l-graalvm17-ce-22.3.0/lib/server/libjvm.so
7f239f8c6000-7f239f922000 rw-p 00000000 00:00 0 
7f239f922000-7f239f94a000 r--p 00000000 00:1de2 4611686019027979918      /nix/store/4nlgxhb09sdr51nc9hdm8az5b08vzkgx-glibc-2.35-163/lib/libc.so.6
7f239f94a000-7f239fac0000 r-xp 00028000 00:1de2 4611686019027979918      /nix/store/4nlgxhb09sdr51nc9hdm8az5b08vzkgx-glibc-2.35-163/lib/libc.so.6
7f239fac0000-7f239fb18000 r--p 0019e000 00:1de2 4611686019027979918      /nix/store/4nlgxhb09sdr51nc9hdm8az5b08vzkgx-glibc-2.35-163/lib/libc.so.6
7f239fb18000-7f239fb1c000 r--p 001f6000 00:1de2 4611686019027979918      /nix/store/4nlgxhb09sdr51nc9hdm8az5b08vzkgx-glibc-2.35-163/lib/libc.so.6
7f239fb1c000-7f239fb1e000 rw-p 001fa000 00:1de2 4611686019027979918      /nix/store/4nlgxhb09sdr51nc9hdm8az5b08vzkgx-glibc-2.35-163/lib/libc.so.6
7f239fb1e000-7f239fb2d000 rw-p 00000000 00:00 0 
7f239fb2d000-7f239fb2e000 r--p 00000000 00:1de2 4611686019027979923      /nix/store/4nlgxhb09sdr51nc9hdm8az5b08vzkgx-glibc-2.35-163/lib/libdl.so.2
7f239fb2e000-7f239fb2f000 r-xp 00001000 00:1de2 4611686019027979923      /nix/store/4nlgxhb09sdr51nc9hdm8az5b08vzkgx-glibc-2.35-163/lib/libdl.so.2
7f239fb2f000-7f239fb30000 r--p 00002000 00:1de2 4611686019027979923      /nix/store/4nlgxhb09sdr51nc9hdm8az5b08vzkgx-glibc-2.35-163/lib/libdl.so.2
7f239fb30000-7f239fb31000 r--p 00002000 00:1de2 4611686019027979923      /nix/store/4nlgxhb09sdr51nc9hdm8az5b08vzkgx-glibc-2.35-163/lib/libdl.so.2
7f239fb31000-7f239fb32000 rw-p 00003000 00:1de2 4611686019027979923      /nix/store/4nlgxhb09sdr51nc9hdm8az5b08vzkgx-glibc-2.35-163/lib/libdl.so.2
7f239fb32000-7f239fb33000 r--p 00000000 00:1de2 4611686019027979942      /nix/store/4nlgxhb09sdr51nc9hdm8az5b08vzkgx-glibc-2.35-163/lib/libpthread.so.0
7f239fb33000-7f239fb34000 r-xp 00001000 00:1de2 4611686019027979942      /nix/store/4nlgxhb09sdr51nc9hdm8az5b08vzkgx-glibc-2.35-163/lib/libpthread.so.0
7f239fb34000-7f239fb35000 r--p 00002000 00:1de2 4611686019027979942      /nix/store/4nlgxhb09sdr51nc9hdm8az5b08vzkgx-glibc-2.35-163/lib/libpthread.so.0
7f239fb35000-7f239fb36000 r--p 00002000 00:1de2 4611686019027979942      /nix/store/4nlgxhb09sdr51nc9hdm8az5b08vzkgx-glibc-2.35-163/lib/libpthread.so.0
7f239fb36000-7f239fb37000 rw-p 00003000 00:1de2 4611686019027979942      /nix/store/4nlgxhb09sdr51nc9hdm8az5b08vzkgx-glibc-2.35-163/lib/libpthread.so.0
7f239fb37000-7f239fb45000 r-xp 00000000 00:1de2 4611686019135190033      /nix/store/gpxl5qgg8kicmcvivwmybwjlpf7wh20l-graalvm17-ce-22.3.0/lib/libjli.so
7f239fb45000-7f239fb46000 ---p 0000e000 00:1de2 4611686019135190033      /nix/store/gpxl5qgg8kicmcvivwmybwjlpf7wh20l-graalvm17-ce-22.3.0/lib/libjli.so
7f239fb46000-7f239fb47000 r--p 0000e000 00:1de2 4611686019135190033      /nix/store/gpxl5qgg8kicmcvivwmybwjlpf7wh20l-graalvm17-ce-22.3.0/lib/libjli.so
7f239fb47000-7f239fb48000 rw-p 0000f000 00:1de2 4611686019135190033      /nix/store/gpxl5qgg8kicmcvivwmybwjlpf7wh20l-graalvm17-ce-22.3.0/lib/libjli.so
7f239fb48000-7f239fb49000 rw-p 00012000 00:1de2 4611686019135190033      /nix/store/gpxl5qgg8kicmcvivwmybwjlpf7wh20l-graalvm17-ce-22.3.0/lib/libjli.so
7f239fb49000-7f239fb4c000 r--p 00000000 00:1de2 4611686019106210071      /nix/store/026hln0aq1hyshaxsdvhg0kmcm6yf45r-zlib-1.2.13/lib/libz.so.1.2.13
7f239fb4c000-7f239fb5e000 r-xp 00003000 00:1de2 4611686019106210071      /nix/store/026hln0aq1hyshaxsdvhg0kmcm6yf45r-zlib-1.2.13/lib/libz.so.1.2.13
7f239fb5e000-7f239fb65000 r--p 00015000 00:1de2 4611686019106210071      /nix/store/026hln0aq1hyshaxsdvhg0kmcm6yf45r-zlib-1.2.13/lib/libz.so.1.2.13
7f239fb65000-7f239fb66000 r--p 0001b000 00:1de2 4611686019106210071      /nix/store/026hln0aq1hyshaxsdvhg0kmcm6yf45r-zlib-1.2.13/lib/libz.so.1.2.13
7f239fb66000-7f239fb67000 rw-p 0001c000 00:1de2 4611686019106210071      /nix/store/026hln0aq1hyshaxsdvhg0kmcm6yf45r-zlib-1.2.13/lib/libz.so.1.2.13
7f239fb67000-7f239fb69000 rw-p 00000000 00:00 0 
7f239fb69000-7f239fb6b000 r--p 00000000 00:1de2 4611686019027979912      /nix/store/4nlgxhb09sdr51nc9hdm8az5b08vzkgx-glibc-2.35-163/lib/ld-linux-x86-64.so.2
7f239fb6b000-7f239fb92000 r-xp 00002000 00:1de2 4611686019027979912      /nix/store/4nlgxhb09sdr51nc9hdm8az5b08vzkgx-glibc-2.35-163/lib/ld-linux-x86-64.so.2
7f239fb92000-7f239fb9e000 r--p 00029000 00:1de2 4611686019027979912      /nix/store/4nlgxhb09sdr51nc9hdm8az5b08vzkgx-glibc-2.35-163/lib/ld-linux-x86-64.so.2
7f239fb9e000-7f239fba0000 r--p 00034000 00:1de2 4611686019027979912      /nix/store/4nlgxhb09sdr51nc9hdm8az5b08vzkgx-glibc-2.35-163/lib/ld-linux-x86-64.so.2
7f239fba0000-7f239fba2000 rw-p 00036000 00:1de2 4611686019027979912      /nix/store/4nlgxhb09sdr51nc9hdm8az5b08vzkgx-glibc-2.35-163/lib/ld-linux-x86-64.so.2
7ffd2609b000-7ffd260bf000 rw-p 00000000 00:00 0                          [stack]
7ffd261d1000-7ffd261d5000 r--p 00000000 00:00 0                          [vvar]
7ffd261d5000-7ffd261d7000 r-xp 00000000 00:00 0                          [vdso]
ffffffffff600000-ffffffffff601000 --xp 00000000 00:00 0                  [vsyscall]


VM Arguments:
jvm_args: -XX:ThreadPriorityPolicy=1 -XX:+UnlockExperimentalVMOptions -XX:+EnableJVMCIProduct -XX:JVMCIThreadsPerNativeLibraryRuntime=1 -XX:-UnlockExperimentalVMOptions -Declipse.application=org.eclipse.jdt.ls.core.id1 -Dosgi.bundles.defaultStartLevel=4 -Declipse.product=org.eclipse.jdt.ls.core.product -Dlog.level=ALL -Xverify:none -XX:+UseParallelGC -XX:GCTimeRatio=4 -XX:AdaptiveSizePolicyWeight=90 -Dsun.zip.disableMemoryMapping=true -Xmx512m -Xms100m 
java_command: /nix/store/m6gcpi1ii6rghy04cjwjddcavv7i90df-jdt-language-server-1.9.0/share/java/plugins/org.eclipse.equinox.launcher_1.6.400.v20210924-0641.jar --add-modules=ALL-SYSTEM --add-opens java.base/java.util=ALL-UNNAMED --add-opens java.base/java.lang=ALL-UNNAMED -configuration /home/runner/.cache/jdt-language-server/config -data /home/runner/.cache/jdt-language-server/data/home/runner/MustHaveJAVA
java_class_path (initial): /nix/store/m6gcpi1ii6rghy04cjwjddcavv7i90df-jdt-language-server-1.9.0/share/java/plugins/org.eclipse.equinox.launcher_1.6.400.v20210924-0641.jar
Launcher Type: SUN_STANDARD

[Global flags]
    uintx AdaptiveSizePolicyWeight                 = 90                                        {product} {command line}
     intx CICompilerCount                          = 2                                         {product} {ergonomic}
     bool EnableJVMCIProduct                       = true                                {JVMCI product} {jimage}
    uintx GCTimeRatio                              = 4                                         {product} {command line}
   size_t InitialHeapSize                          = 104857600                                 {product} {command line}
     uint JVMCIThreadsPerNativeLibraryRuntime      = 1                                   {JVMCI product} {jimage}
   size_t MaxHeapSize                              = 536870912                                 {product} {command line}
   size_t MaxNewSize                               = 178782208                                 {product} {ergonomic}
   size_t MinHeapDeltaBytes                        = 524288                                    {product} {ergonomic}
   size_t MinHeapSize                              = 104857600                                 {product} {command line}
   size_t NewSize                                  = 34603008                                  {product} {ergonomic}
    uintx NonNMethodCodeHeapSize                   = 5826188                                {pd product} {ergonomic}
    uintx NonProfiledCodeHeapSize                  = 122916026                              {pd product} {ergonomic}
   size_t OldSize                                  = 70254592                                  {product} {ergonomic}
    uintx ProfiledCodeHeapSize                     = 122916026                              {pd product} {ergonomic}
    uintx ReservedCodeCacheSize                    = 251658240                              {pd product} {ergonomic}
     bool SegmentedCodeCache                       = true                                      {product} {ergonomic}
   size_t SoftMaxHeapSize                          = 536870912                              {manageable} {ergonomic}
     intx ThreadPriorityPolicy                     = 1                                         {product} {jimage}
     bool UseCompressedClassPointers               = true                           {product lp64_product} {ergonomic}
     bool UseCompressedOops                        = true                           {product lp64_product} {ergonomic}
     bool UseParallelGC                            = true                                      {product} {command line}

Logging:
Log output configuration:
 #0: stdout all=warning uptime,level,tags
 #1: stderr all=off uptime,level,tags

Environment Variables:
JAVA_HOME=/nix/store/gpxl5qgg8kicmcvivwmybwjlpf7wh20l-graalvm17-ce-22.3.0
PATH=/nix/store/1d6ian3r8kdzspw8hacjhl3xkp40g1lj-binutils-wrapper-2.39/bin:/nix/store/dq0xwmsk1g0i2ayg6pb7y87na2knzylh-gcc-wrapper-11.3.0/bin:/nix/store/bap4d0lpcrhpwmpb8ayjcgkmvfj62lnq-bash-interactive-5.1-p16/bin:/nix/store/pr5n59mb4jzmfx6kanwxly0l07p861fg-patchelf-0.15.0/bin:/nix/store/1gf2flfqnpqbr1b4p4qz2f72y42bs56r-gcc-11.3.0/bin:/nix/store/57xv61c5zi8pphjbcwxxjlgc34p61ic9-glibc-2.35-163-bin/bin:/nix/store/a7gvj343m05j2s32xcnwr35v31ynlypr-coreutils-9.1/bin:/nix/store/039g378vc3pc3dvi9dzdlrd0i4q93qwf-binutils-2.39/bin:/nix/store/gpxl5qgg8kicmcvivwmybwjlpf7wh20l-graalvm17-ce-22.3.0/bin:/nix/store/6z9ag3ihc8mq2hzsw48lhbznvzny65nz-apache-maven-3.8.6/bin:/nix/store/m6gcpi1ii6rghy04cjwjddcavv7i90df-jdt-language-server-1.9.0/bin:/nix/store/84xs5alhs01zrbr4ywm05kxbjbp5590l-java-debug/bin:/nix/store/mydc6f4k2z73xlcz7ilif3v2lcaiqvza-findutils-4.9.0/bin:/nix/store/j9p3g8472iijd50vhdprx0nmk2fqn5gv-diffutils-3.8/bin:/nix/store/89zs7rms6x00xfq4dq6m7mjnhkr8a6r4-gnused-4.8/bin:/nix/store/86bp03jkmsl6f92w0yzg4s59g5mhxwmy-gnugrep-3.7/bin:/nix/store/hwcdqw4jrjnd37wxqgsd47hd0j8bnj09-gawk-5.1.1/bin:/nix/store/cfbhw8r8ags41vwqaz47r583d0p4h4a1-gnutar-1.34/bin:/nix/store/p3m1ndl1lapwrlh698bnb5lvvxh67378-gzip-1.12/bin:/nix/store/a8mhcagrsly7c7mpjrpsnaahk4aax056-bzip2-1.0.8-bin/bin:/nix/store/mblgz65m3zv9x548a3d5m96fj2pbwr09-gnumake-4.3/bin:/nix/store/dsd5gz46hdbdk2rfdimqddhq6m8m8fqs-bash-5.1-p16/bin:/nix/store/v7ljksji50mg3w61dykaa3n3y79n6nil-patch-2.7.6/bin:/nix/store/zlcnmqq14jz5x9439jf937mvayyl63da-xz-5.2.7-bin/bin:/nix/store/y6aj732zm9m87c82fpvf103a1xb22blp-file-5.43/bin:/nix/store/i4kzir3m7mrisxmf5xvlnkw01x4qaqr4-prybar-elisp-0.0.0-e0d9a52/bin:/nix/store/lwwivxf6h7x3cvxp9zv8sj0mv7dak99r-prybar-lua-0.0.0-e0d9a52/bin:/nix/store/gxj28g1cg4hq3qanmjv07156h800qr58-prybar-python3-0.0.0-e0d9a52/bin:/nix/store/hshkjnxrgidigf8x75vg6lqng2xlx9i3-prybar-sqlite-0.0.0-e0d9a52/bin:/nix/store/c4w01bpjgyy5ixmwdk8m1pw87zq4sl26-prybar-tcl-0.0.0-e0d9a52/bin:/nix/store/hpbvrlwd5viqmvcaisb3x0118i913a9n-st
LD_LIBRARY_PATH=/nix/store/a4pff549sk2idnkpzk5nsfps3mdkdnvm-cups-2.4.2-lib/lib:/nix/store/72mqxxhh3cy5yifh92wh2yb8cl2hikyy-cairo-1.16.0/lib:/nix/store/2k366jrbsra97gjfxwvrhvixjfxdach5-glib-2.74.1/lib:/nix/store/2j2znigd8ak37rlwh9khz0ry3clqlw1l-gtk+3-3.24.34/lib:/nix/store/hisqvx32cd57apbpcsnkpx6k3549wql1-libglvnd-1.4.0/lib:/nix/store/p36pgcv991mq5srvg765b78yqpxvk3qs-mesa-21.3.3-drivers/lib:/nix/store/mav4251if1ahjq5vkpwycyyvnmy459c4-pulseaudio-14.2/lib
DISPLAY=:0
LANG=en_US.UTF-8

Signal Handlers:
   SIGSEGV: crash_handler in libjvm.so, mask=11100100010111111101111111111110, flags=SA_RESTART|SA_SIGINFO
    SIGBUS: crash_handler in libjvm.so, mask=11100100010111111101111111111110, flags=SA_RESTART|SA_SIGINFO
    SIGFPE: crash_handler in libjvm.so, mask=11100100010111111101111111111110, flags=SA_RESTART|SA_SIGINFO
   SIGPIPE: IsolateEnterStub_IgnoreSIGPIPEStartupHook_noopSignalHandler_8f19bff2f35b5f630d83b364d6b2339320d4ec70_216e8361c6bc87a8f89f58cc10d3b2fd4415bf87 in libjvmcicompiler.so, mask=00000000000000000000000000000000, flags=SA_RESTART
  *** Handler was modified!
  *** Expected: javaSignalHandler in libjvm.so, mask=11100100110111111111111111111110, flags=SA_RESTART|SA_SIGINFO
   SIGXFSZ: javaSignalHandler in libjvm.so, mask=11100100010111111101111111111110, flags=SA_RESTART|SA_SIGINFO
    SIGILL: crash_handler in libjvm.so, mask=11100100010111111101111111111110, flags=SA_RESTART|SA_SIGINFO
   SIGUSR2: SR_handler in libjvm.so, mask=00000000000000000000000000000000, flags=SA_RESTART|SA_SIGINFO
    SIGHUP: UserHandler in libjvm.so, mask=11100100010111111101111111111110, flags=SA_RESTART|SA_SIGINFO
    SIGINT: UserHandler in libjvm.so, mask=11100100010111111101111111111110, flags=SA_RESTART|SA_SIGINFO
   SIGTERM: UserHandler in libjvm.so, mask=11100100010111111101111111111110, flags=SA_RESTART|SA_SIGINFO
   SIGQUIT: UserHandler in libjvm.so, mask=11100100010111111101111111111110, flags=SA_RESTART|SA_SIGINFO
  *** Handler was modified!
  *** Expected: javaSignalHandler in libjvm.so, mask=11100100110111111111111111111110, flags=SA_RESTART|SA_SIGINFO
   SIGTRAP: crash_handler in libjvm.so, mask=11100100010111111101111111111110, flags=SA_RESTART|SA_SIGINFO


---------------  S Y S T E M  ---------------

OS:
DISTRIB_ID=Ubuntu
DISTRIB_RELEASE=20.04
DISTRIB_CODENAME=focal
DISTRIB_DESCRIPTION="Ubuntu 20.04.2 LTS"
uname: Linux 5.19.0-1025-gcp #27~22.04.1-Ubuntu SMP Wed May 24 03:53:01 UTC 2023 x86_64
OS uptime: 0 days 0:55 hours
libc: glibc 2.35 NPTL 2.35 
rlimit (soft/hard): STACK 8192k/infinity , CORE infinity/infinity , NPROC infinity/infinity , NOFILE 5242/5242 , AS infinity/infinity , CPU infinity/infinity , DATA infinity/infinity , FSIZE infinity/infinity , MEMLOCK 8192k/8192k
load average: 6.63 9.29 10.07

/proc/meminfo:
MemTotal:       65852244 kB
MemFree:        33894600 kB
MemAvailable:   52530188 kB
Buffers:         1340000 kB
Cached:         16538996 kB
SwapCached:            0 kB
Active:          5286512 kB
Inactive:       23613256 kB
Active(anon):      14516 kB
Inactive(anon): 10716368 kB
Active(file):    5271996 kB
Inactive(file): 12896888 kB
Unevictable:       55932 kB
Mlocked:           55932 kB
SwapTotal:             0 kB
SwapFree:              0 kB
Zswap:                 0 kB
Zswapped:              0 kB
Dirty:              1524 kB
Writeback:             0 kB
AnonPages:      10937868 kB
Mapped:          1399856 kB
Shmem:             21804 kB
KReclaimable:    1193304 kB
Slab:            2086252 kB
SReclaimable:    1193304 kB
SUnreclaim:       892948 kB
KernelStack:      411488 kB
PageTables:       150068 kB
NFS_Unstable:          0 kB
Bounce:                0 kB
WritebackTmp:          0 kB
CommitLimit:    32926120 kB
Committed_AS:   50637028 kB
VmallocTotal:   34359738367 kB
VmallocUsed:      444420 kB
VmallocChunk:          0 kB
Percpu:            41600 kB
HardwareCorrupted:     0 kB
AnonHugePages:   1015808 kB
ShmemHugePages:        0 kB
ShmemPmdMapped:        0 kB
FileHugePages:         0 kB
FilePmdMapped:         0 kB
HugePages_Total:       0
HugePages_Free:        0
HugePages_Rsvd:        0
HugePages_Surp:        0
Hugepagesize:       2048 kB
Hugetlb:               0 kB
DirectMap4k:     1602360 kB
DirectMap2M:    31948800 kB
DirectMap1G:    35651584 kB

/sys/kernel/mm/transparent_hugepage/enabled: always [madvise] never
/sys/kernel/mm/transparent_hugepage/defrag (defrag/compaction efforts parameter): always defer defer+madvise [madvise] never

Process Memory:
Virtual Size: 5129304K (peak: 5160764K)
Resident Set Size: 744696K (peak: 780888K) (anon: 548684K, file: 196012K, shmem: 0K)
Swapped out: 0K
C-Heap outstanding allocations: 44907K, retained: 14760K
glibc malloc tunables: (default)

/proc/sys/kernel/threads-max (system-wide limit on the number of threads): 514406
/proc/sys/vm/max_map_count (maximum number of memory map areas a process may have): 65530
/proc/sys/kernel/pid_max (system-wide limit on number of process identifiers): 4194304

container (cgroup) information:
container_type: cgroupv1
cpu_cpuset_cpus: 2-7
cpu_memory_nodes: 0
active_processor_count: 1
cpu_quota: 50000
cpu_period: 100000
cpu_shares: 512
memory_limit_in_bytes: 1048576 k
memory_and_swap_limit_in_bytes: 1048576 k
memory_soft_limit_in_bytes: 524288 k
memory_usage_in_bytes: 607516 k
memory_max_usage_in_bytes: 693292 k
maximum number of tasks: 1000
current number of tasks: 49

KVM virtualization detected
Steal ticks since vm start: 0
Steal ticks percentage since vm start:  0.000

CPU: total 8 (initial active 1) (8 cores per cpu, 2 threads per core) family 23 model 49 stepping 0 microcode 0xffffffff, cx8, cmov, fxsr, ht, mmx, 3dnowpref, sse, sse2, sse3, ssse3, sse4a, sse4.1, sse4.2, popcnt, lzcnt, tsc, tscinvbit, avx, avx2, aes, clmul, bmi1, bmi2, adx, sha, fma, vzeroupper, clflush, clflushopt, hv
CPU Model and flags from /proc/cpuinfo:
model name	: AMD EPYC 7B12
flags		: fpu vme de pse tsc msr pae mce cx8 apic sep mtrr pge mca cmov pat pse36 clflush mmx fxsr sse sse2 ht syscall nx mmxext fxsr_opt pdpe1gb rdtscp lm constant_tsc rep_good nopl nonstop_tsc cpuid extd_apicid tsc_known_freq pni pclmulqdq ssse3 fma cx16 sse4_1 sse4_2 movbe popcnt aes xsave avx f16c rdrand hypervisor lahf_lm cmp_legacy cr8_legacy abm sse4a misalignsse 3dnowprefetch osvw topoext ssbd ibrs ibpb stibp vmmcall fsgsbase tsc_adjust bmi1 avx2 smep bmi2 rdseed adx smap clflushopt clwb sha_ni xsaveopt xsavec xgetbv1 clzero xsaveerptr arat npt nrip_save umip rdpid

Online cpus: 0-7
Offline cpus: 
BIOS frequency limitation: <Not Available>
Frequency switch latency (ns): <Not Available>
Available cpu frequencies: <Not Available>
Current governor: <Not Available>
Core performance/turbo boost: <Not Available>

Memory: 4k page, physical 1048576k(441048k free), swap 0k(0k free)
Page Sizes: 4k

vm_info: OpenJDK 64-Bit Server VM (17.0.5+8-jvmci-22.3-b08) for linux-amd64 JRE (17.0.5+8-jvmci-22.3-b08), built on Oct 19 2022 09:01:27 by "buildslave" with gcc 10.3.0

END.
